2023-03-23 13:27:29.523 [info] Log level: Info
2023-03-23 13:27:29.523 [info] Validating found git in: "git"
2023-03-23 13:27:29.523 [info] Using git "2.34.1" from "git"
2023-03-23 13:27:50.906 [info] Log level: Info
2023-03-23 13:27:50.906 [info] Validating found git in: "git"
2023-03-23 13:27:50.906 [info] Using git "2.34.1" from "git"
2023-03-23 13:27:50.906 [info] > git rev-parse --show-toplevel [2ms]
2023-03-23 13:27:50.912 [info] > git rev-parse --git-dir --git-common-dir [2ms]
2023-03-23 13:27:50.918 [info] Open repository: /home/rocio/code/02-Selectores-WS
2023-03-23 13:27:50.930 [info] > git rev-parse --show-toplevel [6ms]
2023-03-23 13:27:50.938 [info] > git rev-parse --show-toplevel [3ms]
2023-03-23 13:27:50.943 [info] > git config --get commit.template [12ms]
2023-03-23 13:27:50.943 [info] > git rev-parse --show-toplevel [1ms]
2023-03-23 13:27:50.949 [info] > git for-each-ref --format=%(refname)%00%(upstream:short)%00%(objectname)%00%(upstream:track)%00%(upstream:remotename)%00%(upstream:remoteref) refs/heads/main refs/remotes/main [1ms]
2023-03-23 13:27:50.956 [info] > git status -z -uall [1ms]
2023-03-23 13:27:50.966 [info] > git config --get commit.template [1ms]
2023-03-23 13:27:50.971 [info] > git for-each-ref --format=%(refname)%00%(upstream:short)%00%(objectname)%00%(upstream:track)%00%(upstream:remotename)%00%(upstream:remoteref) refs/heads/main refs/remotes/main [1ms]
2023-03-23 13:27:50.976 [info] > git status -z -uall [2ms]
2023-03-23 13:27:51.445 [info] > git check-ignore -v -z --stdin [2ms]
2023-03-23 13:27:53.395 [info] > git check-ignore -v -z --stdin [1ms]
2023-03-23 13:27:59.634 [info] > git check-ignore -v -z --stdin [1ms]
2023-03-23 13:28:00.479 [info] > git show --textconv :spec/selectorSpec.js [7ms]
2023-03-23 13:28:00.481 [info] > git ls-files --stage -- /home/rocio/code/02-Selectores-WS/spec/selectorSpec.js [3ms]
2023-03-23 13:28:00.487 [info] > git cat-file -s 3b6770baae43d5b8a3d4bfa06e3e6d92abcd6ba5 [1ms]
2023-03-23 13:30:01.155 [info] > git check-ignore -v -z --stdin [3ms]
2023-03-23 13:30:02.011 [info] > git show --textconv :src/selector.js [6ms]
2023-03-23 13:30:02.013 [info] > git ls-files --stage -- /home/rocio/code/02-Selectores-WS/src/selector.js [3ms]
2023-03-23 13:30:02.019 [info] > git cat-file -s ed371c7d291a90ffc0ecaf20bccdf983a936ff14 [1ms]
2023-03-23 13:31:24.491 [info] > git show --textconv :SpecRunner.html [7ms]
2023-03-23 13:31:24.492 [info] > git ls-files --stage -- /home/rocio/code/02-Selectores-WS/SpecRunner.html [2ms]
2023-03-23 13:31:24.498 [info] > git cat-file -s 2c4e2470bfdc69ed43bd5bddba885592eb03021e [1ms]
2023-03-23 13:35:09.883 [info] > git config --get commit.template [8ms]
2023-03-23 13:35:09.884 [info] > git for-each-ref --format=%(refname)%00%(upstream:short)%00%(objectname)%00%(upstream:track)%00%(upstream:remotename)%00%(upstream:remoteref) refs/heads/main refs/remotes/main [2ms]
2023-03-23 13:35:09.893 [info] > git status -z -uall [3ms]
2023-03-23 13:53:44.355 [info] > git show --textconv :spec/selectorSpec.js [8ms]
2023-03-23 13:53:44.356 [info] > git ls-files --stage -- /home/rocio/code/02-Selectores-WS/spec/selectorSpec.js [2ms]
2023-03-23 13:53:44.364 [info] > git cat-file -s 3b6770baae43d5b8a3d4bfa06e3e6d92abcd6ba5 [2ms]
2023-03-23 13:53:47.209 [info] > git show --textconv :src/selector.js [15ms]
2023-03-23 13:53:47.209 [info] > git ls-files --stage -- /home/rocio/code/02-Selectores-WS/src/selector.js [2ms]
2023-03-23 13:53:47.221 [info] > git cat-file -s ed371c7d291a90ffc0ecaf20bccdf983a936ff14 [3ms]
2023-03-23 13:54:05.073 [info] > git show --textconv :spec/selectorSpec.js [10ms]
2023-03-23 13:54:05.075 [info] > git ls-files --stage -- /home/rocio/code/02-Selectores-WS/spec/selectorSpec.js [1ms]
2023-03-23 13:54:05.083 [info] > git cat-file -s 3b6770baae43d5b8a3d4bfa06e3e6d92abcd6ba5 [1ms]
2023-03-23 14:11:23.273 [info] > git config --get commit.template [3ms]
2023-03-23 14:11:23.283 [info] > git for-each-ref --format=%(refname)%00%(upstream:short)%00%(objectname)%00%(upstream:track)%00%(upstream:remotename)%00%(upstream:remoteref) refs/heads/main refs/remotes/main [1ms]
2023-03-23 14:11:23.293 [info] > git status -z -uall [3ms]
2023-03-23 14:13:06.984 [info] > git config --get commit.template [1ms]
2023-03-23 14:13:06.992 [info] > git for-each-ref --format=%(refname)%00%(upstream:short)%00%(objectname)%00%(upstream:track)%00%(upstream:remotename)%00%(upstream:remoteref) refs/heads/main refs/remotes/main [1ms]
2023-03-23 14:13:07.000 [info] > git status -z -uall [1ms]
2023-03-23 14:13:36.747 [info] > git config --get commit.template [1ms]
2023-03-23 14:13:36.758 [info] > git for-each-ref --format=%(refname)%00%(upstream:short)%00%(objectname)%00%(upstream:track)%00%(upstream:remotename)%00%(upstream:remoteref) refs/heads/main refs/remotes/main [1ms]
2023-03-23 14:13:36.768 [info] > git status -z -uall [3ms]
2023-03-23 14:14:54.568 [info] > git config --get commit.template [8ms]
2023-03-23 14:14:54.569 [info] > git for-each-ref --format=%(refname)%00%(upstream:short)%00%(objectname)%00%(upstream:track)%00%(upstream:remotename)%00%(upstream:remoteref) refs/heads/main refs/remotes/main [1ms]
2023-03-23 14:14:54.576 [info] > git status -z -uall [2ms]
2023-03-23 14:15:07.102 [info] > git config --get commit.template [7ms]
2023-03-23 14:15:07.103 [info] > git for-each-ref --format=%(refname)%00%(upstream:short)%00%(objectname)%00%(upstream:track)%00%(upstream:remotename)%00%(upstream:remoteref) refs/heads/main refs/remotes/main [1ms]
2023-03-23 14:15:07.112 [info] > git status -z -uall [2ms]
2023-03-23 14:15:34.659 [info] > git config --get commit.template [11ms]
2023-03-23 14:15:34.660 [info] > git for-each-ref --format=%(refname)%00%(upstream:short)%00%(objectname)%00%(upstream:track)%00%(upstream:remotename)%00%(upstream:remoteref) refs/heads/main refs/remotes/main [1ms]
2023-03-23 14:15:34.671 [info] > git status -z -uall [1ms]
2023-03-23 14:23:09.558 [info] > git config --get commit.template [2ms]
2023-03-23 14:23:09.568 [info] > git for-each-ref --format=%(refname)%00%(upstream:short)%00%(objectname)%00%(upstream:track)%00%(upstream:remotename)%00%(upstream:remoteref) refs/heads/main refs/remotes/main [2ms]
2023-03-23 14:23:09.578 [info] > git status -z -uall [2ms]
2023-03-23 14:25:07.530 [info] > git config --get commit.template [9ms]
2023-03-23 14:25:07.531 [info] > git for-each-ref --format=%(refname)%00%(upstream:short)%00%(objectname)%00%(upstream:track)%00%(upstream:remotename)%00%(upstream:remoteref) refs/heads/main refs/remotes/main [2ms]
2023-03-23 14:25:07.544 [info] > git status -z -uall [3ms]
2023-03-23 14:25:40.250 [info] > git config --get commit.template [8ms]
2023-03-23 14:25:40.251 [info] > git for-each-ref --format=%(refname)%00%(upstream:short)%00%(objectname)%00%(upstream:track)%00%(upstream:remotename)%00%(upstream:remoteref) refs/heads/main refs/remotes/main [2ms]
2023-03-23 14:25:40.259 [info] > git status -z -uall [2ms]
2023-03-23 14:26:05.651 [info] > git config --get commit.template [13ms]
2023-03-23 14:26:05.652 [info] > git for-each-ref --format=%(refname)%00%(upstream:short)%00%(objectname)%00%(upstream:track)%00%(upstream:remotename)%00%(upstream:remoteref) refs/heads/main refs/remotes/main [2ms]
2023-03-23 14:26:05.661 [info] > git status -z -uall [1ms]
2023-03-23 14:29:29.812 [info] > git config --get commit.template [14ms]
2023-03-23 14:29:29.812 [info] > git for-each-ref --format=%(refname)%00%(upstream:short)%00%(objectname)%00%(upstream:track)%00%(upstream:remotename)%00%(upstream:remoteref) refs/heads/main refs/remotes/main [2ms]
2023-03-23 14:29:29.821 [info] > git status -z -uall [2ms]
2023-03-23 14:30:35.660 [info] > git config --get commit.template [1ms]
2023-03-23 14:30:35.669 [info] > git for-each-ref --format=%(refname)%00%(upstream:short)%00%(objectname)%00%(upstream:track)%00%(upstream:remotename)%00%(upstream:remoteref) refs/heads/main refs/remotes/main [2ms]
2023-03-23 14:30:35.676 [info] > git status -z -uall [2ms]
2023-03-23 14:30:54.068 [info] > git config --get commit.template [14ms]
2023-03-23 14:30:54.070 [info] > git for-each-ref --format=%(refname)%00%(upstream:short)%00%(objectname)%00%(upstream:track)%00%(upstream:remotename)%00%(upstream:remoteref) refs/heads/main refs/remotes/main [3ms]
2023-03-23 14:30:54.080 [info] > git status -z -uall [3ms]
2023-03-23 14:35:12.633 [info] > git config --get commit.template [6ms]
2023-03-23 14:35:12.634 [info] > git for-each-ref --format=%(refname)%00%(upstream:short)%00%(objectname)%00%(upstream:track)%00%(upstream:remotename)%00%(upstream:remoteref) refs/heads/main refs/remotes/main [1ms]
2023-03-23 14:35:12.643 [info] > git status -z -uall [2ms]
2023-03-23 14:42:49.413 [info] > git config --get commit.template [10ms]
2023-03-23 14:42:49.413 [info] > git for-each-ref --format=%(refname)%00%(upstream:short)%00%(objectname)%00%(upstream:track)%00%(upstream:remotename)%00%(upstream:remoteref) refs/heads/main refs/remotes/main [1ms]
2023-03-23 14:42:49.421 [info] > git status -z -uall [2ms]
2023-03-23 15:14:27.948 [info] > git config --get commit.template [22ms]
2023-03-23 15:14:27.950 [info] > git for-each-ref --format=%(refname)%00%(upstream:short)%00%(objectname)%00%(upstream:track)%00%(upstream:remotename)%00%(upstream:remoteref) refs/heads/main refs/remotes/main [3ms]
2023-03-23 15:14:27.968 [info] > git status -z -uall [4ms]
2023-03-23 15:14:48.559 [info] > git config --get commit.template [1ms]
2023-03-23 15:14:48.570 [info] > git for-each-ref --format=%(refname)%00%(upstream:short)%00%(objectname)%00%(upstream:track)%00%(upstream:remotename)%00%(upstream:remoteref) refs/heads/main refs/remotes/main [1ms]
2023-03-23 15:14:48.580 [info] > git status -z -uall [2ms]
2023-03-23 15:17:08.873 [info] > git config --get commit.template [12ms]
2023-03-23 15:17:08.873 [info] > git for-each-ref --format=%(refname)%00%(upstream:short)%00%(objectname)%00%(upstream:track)%00%(upstream:remotename)%00%(upstream:remoteref) refs/heads/main refs/remotes/main [2ms]
2023-03-23 15:17:08.883 [info] > git status -z -uall [2ms]
2023-03-23 15:27:38.023 [info] > git config --get commit.template [7ms]
2023-03-23 15:27:38.024 [info] > git for-each-ref --format=%(refname)%00%(upstream:short)%00%(objectname)%00%(upstream:track)%00%(upstream:remotename)%00%(upstream:remoteref) refs/heads/main refs/remotes/main [1ms]
2023-03-23 15:27:38.031 [info] > git status -z -uall [1ms]
2023-03-23 15:28:37.895 [info] > git config --get commit.template [10ms]
2023-03-23 15:28:37.896 [info] > git for-each-ref --format=%(refname)%00%(upstream:short)%00%(objectname)%00%(upstream:track)%00%(upstream:remotename)%00%(upstream:remoteref) refs/heads/main refs/remotes/main [1ms]
2023-03-23 15:28:37.906 [info] > git status -z -uall [3ms]
2023-03-23 15:28:51.314 [info] > git config --get commit.template [12ms]
2023-03-23 15:28:51.315 [info] > git for-each-ref --format=%(refname)%00%(upstream:short)%00%(objectname)%00%(upstream:track)%00%(upstream:remotename)%00%(upstream:remoteref) refs/heads/main refs/remotes/main [2ms]
2023-03-23 15:28:51.328 [info] > git status -z -uall [3ms]
2023-03-23 15:36:29.872 [info] > git config --get commit.template [20ms]
2023-03-23 15:36:29.873 [info] > git for-each-ref --format=%(refname)%00%(upstream:short)%00%(objectname)%00%(upstream:track)%00%(upstream:remotename)%00%(upstream:remoteref) refs/heads/main refs/remotes/main [2ms]
2023-03-23 15:36:29.887 [info] > git status -z -uall [3ms]
2023-03-23 15:46:54.126 [info] > git config --get commit.template [15ms]
2023-03-23 15:46:54.126 [info] > git for-each-ref --format=%(refname)%00%(upstream:short)%00%(objectname)%00%(upstream:track)%00%(upstream:remotename)%00%(upstream:remoteref) refs/heads/main refs/remotes/main [1ms]
2023-03-23 15:46:54.141 [info] > git status -z -uall [2ms]
2023-03-23 15:47:36.730 [info] > git config --get commit.template [0ms]
2023-03-23 15:47:36.738 [info] > git for-each-ref --format=%(refname)%00%(upstream:short)%00%(objectname)%00%(upstream:track)%00%(upstream:remotename)%00%(upstream:remoteref) refs/heads/main refs/remotes/main [1ms]
2023-03-23 15:47:36.749 [info] > git status -z -uall [2ms]
2023-03-23 15:49:47.980 [info] > git config --get commit.template [8ms]
2023-03-23 15:49:47.981 [info] > git for-each-ref --format=%(refname)%00%(upstream:short)%00%(objectname)%00%(upstream:track)%00%(upstream:remotename)%00%(upstream:remoteref) refs/heads/main refs/remotes/main [1ms]
2023-03-23 15:49:47.990 [info] > git status -z -uall [2ms]
2023-03-23 15:50:04.241 [info] > git config --get commit.template [9ms]
2023-03-23 15:50:04.242 [info] > git for-each-ref --format=%(refname)%00%(upstream:short)%00%(objectname)%00%(upstream:track)%00%(upstream:remotename)%00%(upstream:remoteref) refs/heads/main refs/remotes/main [2ms]
2023-03-23 15:50:04.250 [info] > git status -z -uall [2ms]
2023-03-23 15:50:19.456 [info] > git config --get commit.template [7ms]
2023-03-23 15:50:19.457 [info] > git for-each-ref --format=%(refname)%00%(upstream:short)%00%(objectname)%00%(upstream:track)%00%(upstream:remotename)%00%(upstream:remoteref) refs/heads/main refs/remotes/main [1ms]
2023-03-23 15:50:19.463 [info] > git status -z -uall [2ms]
2023-03-23 15:50:30.695 [info] > git config --get commit.template [10ms]
2023-03-23 15:50:30.696 [info] > git for-each-ref --format=%(refname)%00%(upstream:short)%00%(objectname)%00%(upstream:track)%00%(upstream:remotename)%00%(upstream:remoteref) refs/heads/main refs/remotes/main [2ms]
2023-03-23 15:50:30.708 [info] > git status -z -uall [3ms]
2023-03-23 15:50:35.729 [info] > git config --get commit.template [10ms]
2023-03-23 15:50:35.729 [info] > git for-each-ref --format=%(refname)%00%(upstream:short)%00%(objectname)%00%(upstream:track)%00%(upstream:remotename)%00%(upstream:remoteref) refs/heads/main refs/remotes/main [1ms]
2023-03-23 15:50:35.739 [info] > git status -z -uall [2ms]
2023-03-23 15:50:45.759 [info] > git config --get commit.template [7ms]
2023-03-23 15:50:45.759 [info] > git for-each-ref --format=%(refname)%00%(upstream:short)%00%(objectname)%00%(upstream:track)%00%(upstream:remotename)%00%(upstream:remoteref) refs/heads/main refs/remotes/main [1ms]
2023-03-23 15:50:45.767 [info] > git status -z -uall [2ms]
2023-03-23 15:50:50.785 [info] > git config --get commit.template [8ms]
2023-03-23 15:50:50.786 [info] > git for-each-ref --format=%(refname)%00%(upstream:short)%00%(objectname)%00%(upstream:track)%00%(upstream:remotename)%00%(upstream:remoteref) refs/heads/main refs/remotes/main [1ms]
2023-03-23 15:50:50.795 [info] > git status -z -uall [2ms]
2023-03-23 15:51:07.626 [info] > git config --get commit.template [9ms]
2023-03-23 15:51:07.626 [info] > git for-each-ref --format=%(refname)%00%(upstream:short)%00%(objectname)%00%(upstream:track)%00%(upstream:remotename)%00%(upstream:remoteref) refs/heads/main refs/remotes/main [1ms]
2023-03-23 15:51:07.633 [info] > git status -z -uall [1ms]
2023-03-23 15:51:17.804 [info] > git config --get commit.template [8ms]
2023-03-23 15:51:17.805 [info] > git for-each-ref --format=%(refname)%00%(upstream:short)%00%(objectname)%00%(upstream:track)%00%(upstream:remotename)%00%(upstream:remoteref) refs/heads/main refs/remotes/main [1ms]
2023-03-23 15:51:17.814 [info] > git status -z -uall [2ms]
2023-03-23 15:52:43.560 [info] > git config --get commit.template [7ms]
2023-03-23 15:52:43.561 [info] > git for-each-ref --format=%(refname)%00%(upstream:short)%00%(objectname)%00%(upstream:track)%00%(upstream:remotename)%00%(upstream:remoteref) refs/heads/main refs/remotes/main [2ms]
2023-03-23 15:52:43.570 [info] > git status -z -uall [2ms]
2023-03-23 15:53:26.734 [info] > git config --get commit.template [10ms]
2023-03-23 15:53:26.735 [info] > git for-each-ref --format=%(refname)%00%(upstream:short)%00%(objectname)%00%(upstream:track)%00%(upstream:remotename)%00%(upstream:remoteref) refs/heads/main refs/remotes/main [2ms]
2023-03-23 15:53:26.743 [info] > git status -z -uall [2ms]
2023-03-23 16:04:01.351 [info] > git config --get commit.template [12ms]
2023-03-23 16:04:01.352 [info] > git for-each-ref --format=%(refname)%00%(upstream:short)%00%(objectname)%00%(upstream:track)%00%(upstream:remotename)%00%(upstream:remoteref) refs/heads/main refs/remotes/main [2ms]
2023-03-23 16:04:01.364 [info] > git status -z -uall [2ms]
2023-03-23 16:17:54.273 [info] > git config --get commit.template [10ms]
2023-03-23 16:17:54.274 [info] > git for-each-ref --format=%(refname)%00%(upstream:short)%00%(objectname)%00%(upstream:track)%00%(upstream:remotename)%00%(upstream:remoteref) refs/heads/main refs/remotes/main [1ms]
2023-03-23 16:17:54.286 [info] > git status -z -uall [3ms]
2023-03-23 16:25:31.116 [info] > git config --get commit.template [16ms]
2023-03-23 16:25:31.118 [info] > git for-each-ref --format=%(refname)%00%(upstream:short)%00%(objectname)%00%(upstream:track)%00%(upstream:remotename)%00%(upstream:remoteref) refs/heads/main refs/remotes/main [3ms]
2023-03-23 16:25:31.131 [info] > git status -z -uall [3ms]
2023-03-23 16:29:25.213 [info] > git config --get commit.template [9ms]
2023-03-23 16:29:25.214 [info] > git for-each-ref --format=%(refname)%00%(upstream:short)%00%(objectname)%00%(upstream:track)%00%(upstream:remotename)%00%(upstream:remoteref) refs/heads/main refs/remotes/main [2ms]
2023-03-23 16:29:25.223 [info] > git status -z -uall [2ms]
2023-03-23 16:31:43.683 [info] > git config --get commit.template [13ms]
2023-03-23 16:31:43.684 [info] > git for-each-ref --format=%(refname)%00%(upstream:short)%00%(objectname)%00%(upstream:track)%00%(upstream:remotename)%00%(upstream:remoteref) refs/heads/main refs/remotes/main [2ms]
2023-03-23 16:31:43.693 [info] > git status -z -uall [2ms]
2023-03-23 16:41:38.950 [info] > git config --get commit.template [2ms]
2023-03-23 16:41:38.961 [info] > git for-each-ref --format=%(refname)%00%(upstream:short)%00%(objectname)%00%(upstream:track)%00%(upstream:remotename)%00%(upstream:remoteref) refs/heads/main refs/remotes/main [1ms]
2023-03-23 16:41:38.971 [info] > git status -z -uall [3ms]
2023-03-23 16:43:05.338 [info] > git config --get commit.template [8ms]
2023-03-23 16:43:05.339 [info] > git for-each-ref --format=%(refname)%00%(upstream:short)%00%(objectname)%00%(upstream:track)%00%(upstream:remotename)%00%(upstream:remoteref) refs/heads/main refs/remotes/main [1ms]
2023-03-23 16:43:05.348 [info] > git status -z -uall [2ms]
2023-03-23 16:43:48.970 [info] > git config --get commit.template [12ms]
2023-03-23 16:43:48.971 [info] > git for-each-ref --format=%(refname)%00%(upstream:short)%00%(objectname)%00%(upstream:track)%00%(upstream:remotename)%00%(upstream:remoteref) refs/heads/main refs/remotes/main [2ms]
2023-03-23 16:43:48.984 [info] > git status -z -uall [3ms]
2023-03-23 16:44:38.127 [info] > git config --get commit.template [2ms]
2023-03-23 16:44:38.137 [info] > git for-each-ref --format=%(refname)%00%(upstream:short)%00%(objectname)%00%(upstream:track)%00%(upstream:remotename)%00%(upstream:remoteref) refs/heads/main refs/remotes/main [1ms]
2023-03-23 16:44:38.147 [info] > git status -z -uall [1ms]
2023-03-23 17:53:32.739 [info] > git config --get commit.template [13ms]
2023-03-23 17:53:32.740 [info] > git for-each-ref --format=%(refname)%00%(upstream:short)%00%(objectname)%00%(upstream:track)%00%(upstream:remotename)%00%(upstream:remoteref) refs/heads/main refs/remotes/main [3ms]
2023-03-23 17:53:32.755 [info] > git status -z -uall [3ms]
2023-03-23 17:56:43.972 [info] > git config --get commit.template [13ms]
2023-03-23 17:56:43.973 [info] > git for-each-ref --format=%(refname)%00%(upstream:short)%00%(objectname)%00%(upstream:track)%00%(upstream:remotename)%00%(upstream:remoteref) refs/heads/main refs/remotes/main [2ms]
2023-03-23 17:56:43.986 [info] > git status -z -uall [3ms]
2023-03-23 17:57:11.880 [info] > git config --get commit.template [16ms]
2023-03-23 17:57:11.881 [info] > git for-each-ref --format=%(refname)%00%(upstream:short)%00%(objectname)%00%(upstream:track)%00%(upstream:remotename)%00%(upstream:remoteref) refs/heads/main refs/remotes/main [2ms]
2023-03-23 17:57:11.891 [info] > git status -z -uall [2ms]
2023-03-23 17:57:19.467 [info] > git config --get commit.template [14ms]
2023-03-23 17:57:19.468 [info] > git for-each-ref --format=%(refname)%00%(upstream:short)%00%(objectname)%00%(upstream:track)%00%(upstream:remotename)%00%(upstream:remoteref) refs/heads/main refs/remotes/main [2ms]
2023-03-23 17:57:19.480 [info] > git status -z -uall [3ms]
2023-03-23 17:57:30.633 [info] > git config --get commit.template [13ms]
2023-03-23 17:57:30.634 [info] > git for-each-ref --format=%(refname)%00%(upstream:short)%00%(objectname)%00%(upstream:track)%00%(upstream:remotename)%00%(upstream:remoteref) refs/heads/main refs/remotes/main [3ms]
2023-03-23 17:57:30.650 [info] > git status -z -uall [4ms]
2023-03-23 17:58:08.977 [info] > git config --get commit.template [13ms]
2023-03-23 17:58:08.978 [info] > git for-each-ref --format=%(refname)%00%(upstream:short)%00%(objectname)%00%(upstream:track)%00%(upstream:remotename)%00%(upstream:remoteref) refs/heads/main refs/remotes/main [1ms]
2023-03-23 17:58:08.987 [info] > git status -z -uall [1ms]
2023-03-23 18:03:22.582 [info] > git config --get commit.template [14ms]
2023-03-23 18:03:22.582 [info] > git for-each-ref --format=%(refname)%00%(upstream:short)%00%(objectname)%00%(upstream:track)%00%(upstream:remotename)%00%(upstream:remoteref) refs/heads/main refs/remotes/main [1ms]
2023-03-23 18:03:22.591 [info] > git status -z -uall [2ms]
2023-03-23 19:08:20.134 [info] > git config --get commit.template [22ms]
2023-03-23 19:08:20.136 [info] > git for-each-ref --format=%(refname)%00%(upstream:short)%00%(objectname)%00%(upstream:track)%00%(upstream:remotename)%00%(upstream:remoteref) refs/heads/main refs/remotes/main [3ms]
2023-03-23 19:08:20.153 [info] > git status -z -uall [4ms]
2023-03-23 19:09:16.725 [info] > git config --get commit.template [8ms]
2023-03-23 19:09:16.726 [info] > git for-each-ref --format=%(refname)%00%(upstream:short)%00%(objectname)%00%(upstream:track)%00%(upstream:remotename)%00%(upstream:remoteref) refs/heads/main refs/remotes/main [1ms]
2023-03-23 19:09:16.737 [info] > git status -z -uall [2ms]
2023-03-23 19:09:16.842 [info] > git ls-files --stage -- /home/rocio/code/02-Selectores-WS/SpecRunner.html [5ms]
2023-03-23 19:09:16.886 [info] > git ls-files --stage -- /home/rocio/code/02-Selectores-WS/src/selector.js [10ms]
2023-03-23 19:09:16.894 [info] > git cat-file -s 2c4e2470bfdc69ed43bd5bddba885592eb03021e [31ms]
2023-03-23 19:09:16.896 [info] > git cat-file -s ed371c7d291a90ffc0ecaf20bccdf983a936ff14 [2ms]
2023-03-23 19:09:16.896 [info] > git ls-files --stage -- /home/rocio/code/02-Selectores-WS/spec/selectorSpec.js [11ms]
2023-03-23 19:09:16.910 [info] > git cat-file -s 3b6770baae43d5b8a3d4bfa06e3e6d92abcd6ba5 [8ms]
2023-03-23 19:09:16.917 [info] > git show --textconv :SpecRunner.html [7ms]
2023-03-23 19:09:16.925 [info] > git show --textconv :src/selector.js [8ms]
2023-03-23 19:09:16.926 [info] > git show --textconv :spec/selectorSpec.js [1ms]
2023-03-23 19:09:22.798 [info] > git config --get commit.template [20ms]
2023-03-23 19:09:22.800 [info] > git for-each-ref --format=%(refname)%00%(upstream:short)%00%(objectname)%00%(upstream:track)%00%(upstream:remotename)%00%(upstream:remoteref) refs/heads/main refs/remotes/main [3ms]
2023-03-23 19:09:22.818 [info] > git status -z -uall [4ms]
2023-03-23 19:09:22.894 [info] > git ls-files --stage -- /home/rocio/code/02-Selectores-WS/src/selector.js [16ms]
2023-03-23 19:09:22.908 [info] > git ls-files --stage -- /home/rocio/code/02-Selectores-WS/SpecRunner.html [41ms]
2023-03-23 19:09:22.921 [info] > git cat-file -s e11fba7fa5f43b41670ef1b20df8ae514e26e16f [14ms]
2023-03-23 19:09:22.922 [info] > git ls-files --stage -- /home/rocio/code/02-Selectores-WS/spec/selectorSpec.js [30ms]
2023-03-23 19:09:22.934 [info] > git cat-file -s 518617ae6db59ab0ff8c629c71f7ca859a1e36eb [2ms]
2023-03-23 19:09:22.935 [info] > git cat-file -s 3390c9d38d42f1ae10ed519507a1d4d22ddfb917 [16ms]
2023-03-23 19:09:22.961 [info] > git show --textconv :src/selector.js [17ms]
2023-03-23 19:09:22.961 [info] > git show --textconv :spec/selectorSpec.js [8ms]
2023-03-23 19:09:22.962 [info] > git show --textconv :SpecRunner.html [1ms]
2023-03-23 19:09:49.024 [info] > git config --get commit.template [25ms]
2023-03-23 19:09:49.028 [info] > git for-each-ref --format=%(refname)%00%(upstream:short)%00%(objectname)%00%(upstream:track)%00%(upstream:remotename)%00%(upstream:remoteref) refs/heads/main refs/remotes/main [5ms]
2023-03-23 19:09:49.049 [info] > git status -z -uall [4ms]
2023-03-23 19:09:49.115 [info] > git ls-files --stage -- /home/rocio/code/02-Selectores-WS/src/selector.js [7ms]
2023-03-23 19:09:49.123 [info] > git ls-files --stage -- /home/rocio/code/02-Selectores-WS/SpecRunner.html [22ms]
2023-03-23 19:09:49.128 [info] > git cat-file -s e11fba7fa5f43b41670ef1b20df8ae514e26e16f [6ms]
2023-03-23 19:09:49.128 [info] > git ls-files --stage -- /home/rocio/code/02-Selectores-WS/spec/selectorSpec.js [14ms]
2023-03-23 19:09:49.134 [info] > git cat-file -s 3390c9d38d42f1ae10ed519507a1d4d22ddfb917 [6ms]
2023-03-23 19:09:49.140 [info] > git cat-file -s 518617ae6db59ab0ff8c629c71f7ca859a1e36eb [7ms]
2023-03-23 19:09:49.147 [info] > git show --textconv :src/selector.js [7ms]
2023-03-23 19:09:49.154 [info] > git show --textconv :SpecRunner.html [8ms]
2023-03-23 19:09:49.155 [info] > git show --textconv :spec/selectorSpec.js [2ms]
2023-03-23 19:09:59.878 [info] > git config --get commit.template [13ms]
2023-03-23 19:09:59.879 [info] > git for-each-ref --format=%(refname)%00%(upstream:short)%00%(objectname)%00%(upstream:track)%00%(upstream:remotename)%00%(upstream:remoteref) refs/heads/main refs/remotes/main [2ms]
2023-03-23 19:09:59.888 [info] > git status -z -uall [1ms]
2023-03-23 19:10:00.003 [info] > git ls-files --stage -- /home/rocio/code/02-Selectores-WS/src/selector.js [14ms]
2023-03-23 19:10:00.012 [info] > git ls-files --stage -- /home/rocio/code/02-Selectores-WS/SpecRunner.html [42ms]
2023-03-23 19:10:00.023 [info] > git cat-file -s e11fba7fa5f43b41670ef1b20df8ae514e26e16f [11ms]
2023-03-23 19:10:00.024 [info] > git ls-files --stage -- /home/rocio/code/02-Selectores-WS/spec/selectorSpec.js [22ms]
2023-03-23 19:10:00.033 [info] > git cat-file -s 3390c9d38d42f1ae10ed519507a1d4d22ddfb917 [12ms]
2023-03-23 19:10:00.044 [info] > git cat-file -s 518617ae6db59ab0ff8c629c71f7ca859a1e36eb [12ms]
2023-03-23 19:10:00.056 [info] > git show --textconv :src/selector.js [13ms]
2023-03-23 19:10:00.067 [info] > git show --textconv :SpecRunner.html [12ms]
2023-03-23 19:10:00.070 [info] > git show --textconv :spec/selectorSpec.js [4ms]
