2023-03-28 11:51:19.650 [info] Log level: Info
2023-03-28 11:51:19.651 [info] Validating found git in: "git"
2023-03-28 11:51:19.651 [info] Using git "2.34.1" from "git"
2023-03-28 11:51:19.655 [info] > git rev-parse --show-toplevel [6ms]
2023-03-28 11:51:19.720 [info] > git rev-parse --git-dir --git-common-dir [42ms]
2023-03-28 11:51:19.731 [info] Open repository: /home/rocio/code/03-Sorting
2023-03-28 11:51:19.777 [info] > git config --get commit.template [14ms]
2023-03-28 11:51:19.816 [info] > git for-each-ref --format=%(refname)%00%(upstream:short)%00%(objectname)%00%(upstream:track)%00%(upstream:remotename)%00%(upstream:remoteref) refs/heads/rama1 refs/remotes/rama1 [17ms]
2023-03-28 11:51:19.873 [info] > git status -z -uall [21ms]
2023-03-28 11:51:19.950 [info] > git config --get commit.template [13ms]
2023-03-28 11:51:19.975 [info] > git for-each-ref --format=%(refname)%00%(upstream:short)%00%(objectname)%00%(upstream:track)%00%(upstream:remotename)%00%(upstream:remoteref) refs/heads/rama1 refs/remotes/rama1 [10ms]
2023-03-28 11:51:20.017 [info] > git status -z -uall [24ms]
2023-03-28 11:51:20.329 [info] > git check-ignore -v -z --stdin [34ms]
2023-03-28 11:51:21.356 [info] > git show --textconv :mergesort.js [9ms]
2023-03-28 11:51:21.371 [info] > git show --textconv :mergesort.spec.js [8ms]
2023-03-28 11:51:21.372 [info] > git ls-files --stage -- /home/rocio/code/03-Sorting/mergesort.js [17ms]
2023-03-28 11:51:21.396 [info] > git cat-file -s e69de29bb2d1d6434b8b29ae775ad8c2e48c5391 [16ms]
2023-03-28 11:51:21.397 [info] > git ls-files --stage -- /home/rocio/code/03-Sorting/mergesort.spec.js [28ms]
2023-03-28 11:51:21.404 [info] > git cat-file -s e69de29bb2d1d6434b8b29ae775ad8c2e48c5391 [2ms]
2023-03-28 12:05:45.203 [info] Log level: Info
2023-03-28 12:05:45.203 [info] Validating found git in: "git"
2023-03-28 12:05:45.203 [info] Using git "2.34.1" from "git"
2023-03-28 12:05:45.203 [info] > git rev-parse --show-toplevel [2ms]
2023-03-28 12:05:45.209 [info] > git rev-parse --show-toplevel [2ms]
2023-03-28 12:05:45.214 [info] > git rev-parse --git-dir --git-common-dir [1ms]
2023-03-28 12:05:45.222 [info] Open repository: /home/rocio/code/04-GameOfLife/04-Conway-s-Game-of-Life-WS
2023-03-28 12:05:45.232 [info] > git config --get commit.template [3ms]
2023-03-28 12:05:45.239 [info] > git for-each-ref --format=%(refname)%00%(upstream:short)%00%(objectname)%00%(upstream:track)%00%(upstream:remotename)%00%(upstream:remoteref) refs/heads/main refs/remotes/main [1ms]
2023-03-28 12:05:45.245 [info] > git status -z -uall [2ms]
2023-03-28 12:05:45.256 [info] > git config --get commit.template [1ms]
2023-03-28 12:05:45.263 [info] > git for-each-ref --format=%(refname)%00%(upstream:short)%00%(objectname)%00%(upstream:track)%00%(upstream:remotename)%00%(upstream:remoteref) refs/heads/main refs/remotes/main [1ms]
2023-03-28 12:05:45.269 [info] > git status -z -uall [2ms]
2023-03-28 12:05:45.742 [info] > git check-ignore -v -z --stdin [2ms]
2023-03-28 12:10:28.939 [info] > git check-ignore -v -z --stdin [1ms]
2023-03-28 12:10:29.767 [info] > git show --textconv :game.css [7ms]
2023-03-28 12:10:29.769 [info] > git ls-files --stage -- /home/rocio/code/04-GameOfLife/04-Conway-s-Game-of-Life-WS/game.css [2ms]
2023-03-28 12:10:29.776 [info] > git cat-file -s 943a71539ac7ff024f93c2dedbc33a48f6d9a131 [1ms]
2023-03-28 12:10:33.290 [info] > git show --textconv :game.js [6ms]
2023-03-28 12:10:33.291 [info] > git ls-files --stage -- /home/rocio/code/04-GameOfLife/04-Conway-s-Game-of-Life-WS/game.js [2ms]
2023-03-28 12:10:33.298 [info] > git cat-file -s 756d66402c812b5f5d3bc3e8d1e1b86de2bf0e85 [1ms]
2023-03-28 12:10:34.333 [info] > git show --textconv :game.css [10ms]
2023-03-28 12:10:34.335 [info] > git ls-files --stage -- /home/rocio/code/04-GameOfLife/04-Conway-s-Game-of-Life-WS/game.css [3ms]
2023-03-28 12:10:34.347 [info] > git cat-file -s 943a71539ac7ff024f93c2dedbc33a48f6d9a131 [2ms]
2023-03-28 12:10:41.578 [info] > git show --textconv :game.js [12ms]
2023-03-28 12:10:41.580 [info] > git ls-files --stage -- /home/rocio/code/04-GameOfLife/04-Conway-s-Game-of-Life-WS/game.js [3ms]
2023-03-28 12:10:41.588 [info] > git cat-file -s 756d66402c812b5f5d3bc3e8d1e1b86de2bf0e85 [1ms]
2023-03-28 12:10:44.333 [info] > git show --textconv :index.html [7ms]
2023-03-28 12:10:44.334 [info] > git ls-files --stage -- /home/rocio/code/04-GameOfLife/04-Conway-s-Game-of-Life-WS/index.html [2ms]
2023-03-28 12:10:44.340 [info] > git cat-file -s 72cc062c39ccfe8df6bc615a9057aa6b14a6e634 [0ms]
2023-03-28 12:10:46.286 [info] > git show --textconv :game.js [10ms]
2023-03-28 12:10:46.287 [info] > git ls-files --stage -- /home/rocio/code/04-GameOfLife/04-Conway-s-Game-of-Life-WS/game.js [3ms]
2023-03-28 12:10:46.296 [info] > git cat-file -s 756d66402c812b5f5d3bc3e8d1e1b86de2bf0e85 [2ms]
2023-03-28 12:12:19.017 [info] > git rev-parse --show-toplevel [1ms]
2023-03-28 12:12:28.212 [info] > git show --textconv :index.html [9ms]
2023-03-28 12:12:28.213 [info] > git ls-files --stage -- /home/rocio/code/04-GameOfLife/04-Conway-s-Game-of-Life-WS/index.html [2ms]
2023-03-28 12:12:28.222 [info] > git cat-file -s 72cc062c39ccfe8df6bc615a9057aa6b14a6e634 [2ms]
2023-03-28 12:15:44.192 [info] > git show --textconv :game.css [11ms]
2023-03-28 12:15:44.193 [info] > git ls-files --stage -- /home/rocio/code/04-GameOfLife/04-Conway-s-Game-of-Life-WS/game.css [2ms]
2023-03-28 12:15:44.200 [info] > git cat-file -s 943a71539ac7ff024f93c2dedbc33a48f6d9a131 [1ms]
2023-03-28 12:19:18.691 [info] > git show --textconv :index.html [9ms]
2023-03-28 12:19:18.693 [info] > git ls-files --stage -- /home/rocio/code/04-GameOfLife/04-Conway-s-Game-of-Life-WS/index.html [1ms]
2023-03-28 12:19:18.701 [info] > git cat-file -s 72cc062c39ccfe8df6bc615a9057aa6b14a6e634 [1ms]
2023-03-28 12:21:48.924 [info] > git show --textconv :game.css [6ms]
2023-03-28 12:21:48.924 [info] > git ls-files --stage -- /home/rocio/code/04-GameOfLife/04-Conway-s-Game-of-Life-WS/game.css [1ms]
2023-03-28 12:21:48.933 [info] > git cat-file -s 943a71539ac7ff024f93c2dedbc33a48f6d9a131 [1ms]
2023-03-28 14:16:07.562 [info] > git config --get commit.template [15ms]
2023-03-28 14:16:07.563 [info] > git for-each-ref --format=%(refname)%00%(upstream:short)%00%(objectname)%00%(upstream:track)%00%(upstream:remotename)%00%(upstream:remoteref) refs/heads/main refs/remotes/main [3ms]
2023-03-28 14:16:07.574 [info] > git status -z -uall [1ms]
2023-03-28 14:16:31.366 [info] > git config --get commit.template [17ms]
2023-03-28 14:16:31.366 [info] > git for-each-ref --format=%(refname)%00%(upstream:short)%00%(objectname)%00%(upstream:track)%00%(upstream:remotename)%00%(upstream:remoteref) refs/heads/main refs/remotes/main [2ms]
2023-03-28 14:16:31.382 [info] > git status -z -uall [4ms]
2023-03-28 14:24:06.269 [info] > git show --textconv :index.html [11ms]
2023-03-28 14:24:06.271 [info] > git ls-files --stage -- /home/rocio/code/04-GameOfLife/04-Conway-s-Game-of-Life-WS/index.html [2ms]
2023-03-28 14:24:06.277 [info] > git cat-file -s 72cc062c39ccfe8df6bc615a9057aa6b14a6e634 [1ms]
2023-03-28 16:05:38.177 [info] > git config --get commit.template [7ms]
2023-03-28 16:05:38.177 [info] > git for-each-ref --format=%(refname)%00%(upstream:short)%00%(objectname)%00%(upstream:track)%00%(upstream:remotename)%00%(upstream:remoteref) refs/heads/main refs/remotes/main [1ms]
2023-03-28 16:05:38.186 [info] > git status -z -uall [2ms]
2023-03-28 16:07:22.501 [info] > git config --get commit.template [11ms]
2023-03-28 16:07:22.501 [info] > git for-each-ref --format=%(refname)%00%(upstream:short)%00%(objectname)%00%(upstream:track)%00%(upstream:remotename)%00%(upstream:remoteref) refs/heads/main refs/remotes/main [1ms]
2023-03-28 16:07:22.514 [info] > git status -z -uall [3ms]
2023-03-28 17:00:02.739 [info] > git config --get commit.template [20ms]
2023-03-28 17:00:02.740 [info] > git for-each-ref --format=%(refname)%00%(upstream:short)%00%(objectname)%00%(upstream:track)%00%(upstream:remotename)%00%(upstream:remoteref) refs/heads/main refs/remotes/main [4ms]
2023-03-28 17:00:02.758 [info] > git status -z -uall [4ms]
