2023-03-23 10:49:58.452 [info] update#setState idle
2023-03-23 10:49:59.326 [info] [UtilityProcess id: 1, type: extensionHost, pid: <none>]: creating new...
2023-03-23 10:49:59.343 [info] [UtilityProcess id: 1, type: extensionHost, pid: 57080]: successfully created
2023-03-23 10:50:28.454 [info] update#setState checking for updates
2023-03-23 10:50:28.694 [info] update#setState idle
2023-03-23 11:50:28.477 [info] update#setState checking for updates
2023-03-23 11:50:29.224 [info] update#setState idle
2023-03-23 12:50:28.481 [info] update#setState checking for updates
2023-03-23 12:50:29.254 [info] update#setState idle
2023-03-23 13:25:41.516 [info] [UtilityProcess id: 2, type: extensionHost, pid: <none>]: creating new...
2023-03-23 13:25:41.523 [info] [UtilityProcess id: 2, type: extensionHost, pid: 61082]: successfully created
2023-03-23 13:27:23.119 [info] [UtilityProcess id: 2, type: extensionHost, pid: 61082]: received exit event with code 0
2023-03-23 13:27:23.119 [info] Extension host with pid 61082 exited with code: 0, signal: unknown.
2023-03-23 13:27:29.051 [info] [UtilityProcess id: 3, type: extensionHost, pid: <none>]: creating new...
2023-03-23 13:27:29.058 [info] [UtilityProcess id: 3, type: extensionHost, pid: 61724]: successfully created
2023-03-23 13:27:43.566 [info] [UtilityProcess id: 3, type: extensionHost, pid: 61724]: received exit event with code 0
2023-03-23 13:27:43.566 [info] Extension host with pid 61724 exited with code: 0, signal: unknown.
2023-03-23 13:27:44.116 [info] [UtilityProcess id: 4, type: extensionHost, pid: <none>]: creating new...
2023-03-23 13:27:44.122 [info] [UtilityProcess id: 4, type: extensionHost, pid: 61792]: successfully created
2023-03-23 13:50:28.509 [info] update#setState checking for updates
2023-03-23 13:50:29.371 [info] update#setState idle
2023-03-23 14:50:28.533 [info] update#setState checking for updates
2023-03-23 14:50:29.280 [info] update#setState idle
2023-03-23 15:50:28.535 [info] update#setState checking for updates
2023-03-23 15:50:29.272 [info] update#setState idle
2023-03-23 16:50:28.557 [info] update#setState checking for updates
2023-03-23 16:50:29.328 [info] update#setState idle
2023-03-23 17:50:28.582 [info] update#setState checking for updates
2023-03-23 17:50:29.387 [info] update#setState idle
2023-03-23 18:50:28.605 [info] update#setState checking for updates
2023-03-23 18:50:29.365 [info] update#setState idle
2023-03-23 19:50:28.626 [info] update#setState checking for updates
2023-03-23 19:50:29.368 [info] update#setState idle
