2023-03-21 15:29:43.098 [info] update#setState idle
2023-03-21 15:29:43.986 [info] [UtilityProcess id: 1, type: extensionHost, pid: <none>]: creating new...
2023-03-21 15:29:43.992 [info] [UtilityProcess id: 1, type: extensionHost, pid: 3769]: successfully created
2023-03-21 15:30:13.101 [info] update#setState checking for updates
2023-03-21 15:30:13.354 [info] update#setState idle
2023-03-21 16:30:13.113 [info] update#setState checking for updates
2023-03-21 16:30:13.864 [info] update#setState idle
2023-03-21 17:30:13.138 [info] update#setState checking for updates
2023-03-21 17:30:13.879 [info] update#setState idle
2023-03-21 18:30:13.161 [info] update#setState checking for updates
2023-03-21 18:30:13.938 [info] update#setState idle
2023-03-21 19:30:13.185 [info] update#setState checking for updates
2023-03-21 19:30:13.989 [info] update#setState idle
2023-03-21 20:30:13.209 [info] update#setState checking for updates
2023-03-21 20:30:13.992 [info] update#setState idle
2023-03-21 21:30:13.225 [info] update#setState checking for updates
2023-03-21 21:30:13.992 [info] update#setState idle
2023-03-21 22:30:13.233 [info] update#setState checking for updates
2023-03-21 22:30:14.033 [info] update#setState idle
2023-03-21 23:30:13.255 [info] update#setState checking for updates
2023-03-21 23:30:14.055 [info] update#setState idle
2023-03-22 00:30:13.277 [info] update#setState checking for updates
2023-03-22 00:30:14.095 [info] update#setState idle
2023-03-22 01:30:13.299 [info] update#setState checking for updates
2023-03-22 01:30:14.083 [info] update#setState idle
2023-03-22 02:30:13.320 [info] update#setState checking for updates
2023-03-22 02:30:14.105 [info] update#setState idle
2023-03-22 03:30:13.341 [info] update#setState checking for updates
2023-03-22 03:30:14.134 [info] update#setState idle
2023-03-22 04:30:13.348 [info] update#setState checking for updates
2023-03-22 04:30:14.144 [info] update#setState idle
2023-03-22 05:30:13.365 [info] update#setState checking for updates
2023-03-22 05:30:14.153 [info] update#setState idle
2023-03-22 06:30:13.385 [info] update#setState checking for updates
2023-03-22 06:30:14.185 [info] update#setState idle
2023-03-22 07:30:13.401 [info] update#setState checking for updates
2023-03-22 07:30:14.180 [info] update#setState idle
2023-03-22 08:30:13.419 [info] update#setState checking for updates
2023-03-22 08:30:14.185 [info] update#setState idle
2023-03-22 09:30:13.436 [info] update#setState checking for updates
2023-03-22 09:30:14.197 [info] update#setState idle
2023-03-22 10:30:13.449 [info] update#setState checking for updates
2023-03-22 10:30:14.212 [info] update#setState idle
2023-03-22 11:30:13.461 [info] update#setState checking for updates
2023-03-22 11:30:14.245 [info] update#setState idle
2023-03-22 12:30:13.469 [info] update#setState checking for updates
2023-03-22 12:30:14.224 [info] update#setState idle
2023-03-22 13:30:13.480 [info] update#setState checking for updates
2023-03-22 13:30:14.266 [info] update#setState idle
2023-03-22 14:30:13.489 [info] update#setState checking for updates
2023-03-22 14:30:14.264 [info] update#setState idle
2023-03-22 15:30:13.501 [info] update#setState checking for updates
2023-03-22 15:30:14.251 [info] update#setState idle
2023-03-22 16:30:13.509 [info] update#setState checking for updates
2023-03-22 16:30:14.273 [info] update#setState idle
2023-03-22 17:30:13.521 [info] update#setState checking for updates
2023-03-22 17:30:14.305 [info] update#setState idle
2023-03-22 18:30:13.530 [info] update#setState checking for updates
2023-03-22 18:30:14.325 [info] update#setState idle
2023-03-22 19:30:13.537 [info] update#setState checking for updates
2023-03-22 19:30:14.292 [info] update#setState idle
2023-03-22 20:30:13.546 [info] update#setState checking for updates
2023-03-22 20:30:14.302 [info] update#setState idle
2023-03-22 21:30:13.554 [info] update#setState checking for updates
2023-03-22 21:30:14.303 [info] update#setState idle
2023-03-22 22:30:13.562 [info] update#setState checking for updates
2023-03-22 22:30:14.325 [info] update#setState idle
2023-03-22 23:30:13.569 [info] update#setState checking for updates
2023-03-22 23:30:14.316 [info] update#setState idle
2023-03-23 00:30:13.573 [info] update#setState checking for updates
2023-03-23 00:30:14.348 [info] update#setState idle
2023-03-23 01:30:13.580 [info] update#setState checking for updates
2023-03-23 01:30:14.363 [info] update#setState idle
2023-03-23 02:30:13.585 [info] update#setState checking for updates
2023-03-23 02:30:14.388 [info] update#setState idle
2023-03-23 03:30:13.589 [info] update#setState checking for updates
2023-03-23 03:30:14.390 [info] update#setState idle
2023-03-23 04:30:13.593 [info] update#setState checking for updates
2023-03-23 04:30:14.343 [info] update#setState idle
2023-03-23 05:30:13.596 [info] update#setState checking for updates
2023-03-23 05:30:14.391 [info] update#setState idle
2023-03-23 06:30:13.599 [info] update#setState checking for updates
2023-03-23 06:30:14.378 [info] update#setState idle
2023-03-23 07:30:13.602 [info] update#setState checking for updates
2023-03-23 07:30:14.396 [info] update#setState idle
2023-03-23 08:30:13.603 [info] update#setState checking for updates
2023-03-23 08:30:14.406 [info] update#setState idle
2023-03-23 09:30:13.705 [info] update#setState checking for updates
2023-03-23 09:30:14.534 [info] update#setState idle
2023-03-23 10:30:13.713 [info] update#setState checking for updates
2023-03-23 10:30:14.481 [info] update#setState idle
2023-03-23 10:49:53.407 [info] [UtilityProcess id: 1, type: extensionHost, pid: 3769]: waiting to exit...
2023-03-23 10:49:53.434 [info] [UtilityProcess id: 1, type: extensionHost, pid: 3769]: received exit event with code 0
2023-03-23 10:49:53.435 [info] Extension host with pid 3769 exited with code: 0, signal: unknown.
