2023-03-23 13:27:29.005 [info] Added views:workbench.panel.markers.view in workbench.panel.markers
2023-03-23 13:27:29.005 [info] Added views:workbench.panel.output in workbench.panel.output
2023-03-23 13:27:29.005 [info] Added views:terminal in terminal
2023-03-23 13:27:29.005 [info] Added views:outline in workbench.view.explorer
2023-03-23 13:27:29.005 [info] Added views:workbench.scm in workbench.view.scm
2023-03-23 13:27:29.005 [info] Added views:workbench.view.search in workbench.view.search
2023-03-23 13:27:29.005 [info] Added views:timeline in workbench.view.explorer
2023-03-23 13:27:29.005 [info] Added views:workbench.explorer.emptyView in workbench.view.explorer
2023-03-23 13:27:29.184 [info] Added views:workbench.debug.variablesView,workbench.debug.watchExpressionsView,workbench.debug.callStackView,workbench.debug.breakPointsView in workbench.view.debug
2023-03-23 13:27:29.333 [info] Added views:workbench.panel.repl.view in workbench.panel.repl
2023-03-23 13:27:29.334 [info] Removed views:workbench.debug.breakPointsView,workbench.debug.callStackView,workbench.debug.watchExpressionsView,workbench.debug.variablesView from workbench.view.debug
2023-03-23 13:27:29.335 [info] Added views:workbench.debug.welcome in workbench.view.debug
2023-03-23 13:27:44.064 [info] Added views:workbench.panel.markers.view in workbench.panel.markers
2023-03-23 13:27:44.064 [info] Added views:workbench.panel.output in workbench.panel.output
2023-03-23 13:27:44.064 [info] Added views:terminal in terminal
2023-03-23 13:27:44.064 [info] Added views:outline in workbench.view.explorer
2023-03-23 13:27:44.064 [info] Added views:workbench.scm in workbench.view.scm
2023-03-23 13:27:44.064 [info] Added views:workbench.view.search in workbench.view.search
2023-03-23 13:27:44.064 [info] Added views:timeline in workbench.view.explorer
2023-03-23 13:27:44.064 [info] Added views:workbench.explorer.fileView in workbench.view.explorer
2023-03-23 13:27:44.279 [info] Added views:workbench.debug.variablesView,workbench.debug.watchExpressionsView,workbench.debug.callStackView,workbench.debug.breakPointsView in workbench.view.debug
2023-03-23 13:27:44.454 [info] Added views:workbench.panel.repl.view in workbench.panel.repl
2023-03-23 13:27:44.455 [info] Removed views:workbench.debug.breakPointsView,workbench.debug.callStackView,workbench.debug.watchExpressionsView,workbench.debug.variablesView from workbench.view.debug
2023-03-23 13:27:44.456 [info] Added views:workbench.debug.welcome in workbench.view.debug
