["INFO" - 10:50:01] Extension Name: esbenp.prettier-vscode.
["INFO" - 10:50:01] Extension Version: 9.10.4.
["INFO" - 11:00:10] Formatting file:///home/rocio/code/01-Estructura-de-datos-WS/03_bst/bst.js
["INFO" - 11:00:10] Using ignore file (if present) at /home/rocio/code/01-Estructura-de-datos-WS/.prettierignore
["INFO" - 11:00:10] File Info:
{
  "ignored": false,
  "inferredParser": "babel"
}
["INFO" - 11:00:10] No local configuration (i.e. .prettierrc or .editorconfig) detected, falling back to VS Code configuration
["INFO" - 11:00:10] Prettier Options:
{
  "arrowParens": "always",
  "bracketSpacing": true,
  "endOfLine": "lf",
  "htmlWhitespaceSensitivity": "css",
  "insertPragma": false,
  "singleAttributePerLine": false,
  "bracketSameLine": false,
  "jsxBracketSameLine": false,
  "jsxSingleQuote": false,
  "printWidth": 80,
  "proseWrap": "preserve",
  "quoteProps": "as-needed",
  "requirePragma": false,
  "semi": true,
  "singleQuote": false,
  "tabWidth": 2,
  "trailingComma": "es5",
  "useTabs": false,
  "vueIndentScriptAndStyle": false,
  "filepath": "/home/rocio/code/01-Estructura-de-datos-WS/03_bst/bst.js",
  "parser": "babel"
}
["INFO" - 11:00:10] Formatting completed in 56ms.
