2023-03-28 11:51:19.617 [info] Log level: Info
2023-03-28 11:51:19.617 [info] Validating found git in: "git"
2023-03-28 11:51:19.617 [info] Using git "2.34.1" from "git"
2023-03-28 11:51:19.617 [info] > git rev-parse --show-toplevel [26ms]
2023-03-28 11:51:19.629 [info] > git rev-parse --git-dir --git-common-dir [2ms]
2023-03-28 11:51:19.658 [info] Open repository: /home/rocio/code/01-Estructura-de-datos-WS
2023-03-28 11:51:19.764 [info] > git rev-parse --show-toplevel [88ms]
2023-03-28 11:51:19.910 [info] > git rev-parse --show-toplevel [121ms]
2023-03-28 11:51:19.925 [info] > git config --get commit.template [165ms]
2023-03-28 11:51:20.058 [info] > git rev-parse --show-toplevel [135ms]
2023-03-28 11:51:20.093 [info] > git rev-parse --show-toplevel [26ms]
2023-03-28 11:51:20.104 [info] > git for-each-ref --format=%(refname)%00%(upstream:short)%00%(objectname)%00%(upstream:track)%00%(upstream:remotename)%00%(upstream:remoteref) refs/heads/main refs/remotes/main [16ms]
2023-03-28 11:51:20.116 [info] > git rev-parse --show-toplevel [14ms]
2023-03-28 11:51:20.130 [info] > git status -z -uall [11ms]
2023-03-28 11:51:20.162 [info] > git rev-parse --show-toplevel [39ms]
2023-03-28 11:51:20.170 [info] > git config --get commit.template [9ms]
2023-03-28 11:51:20.218 [info] > git for-each-ref --format=%(refname)%00%(upstream:short)%00%(objectname)%00%(upstream:track)%00%(upstream:remotename)%00%(upstream:remoteref) refs/heads/main refs/remotes/main [5ms]
2023-03-28 11:51:20.236 [info] > git status -z -uall [10ms]
2023-03-28 11:51:20.449 [info] > git check-ignore -v -z --stdin [3ms]
2023-03-28 11:51:21.313 [info] > git show --textconv :03_bst/bst.js [11ms]
2023-03-28 11:51:21.315 [info] > git ls-files --stage -- /home/rocio/code/01-Estructura-de-datos-WS/03_bst/bst.js [3ms]
2023-03-28 11:51:21.321 [info] > git cat-file -s a222f1f4ce032520a0324eb447b81c90c4936305 [2ms]
