2023-03-21 12:55:45.745 [info] Log level: Info
2023-03-21 12:55:45.745 [info] Validating found git in: "git"
2023-03-21 12:55:45.745 [info] Using git "2.34.1" from "git"
2023-03-21 12:55:45.745 [info] > git rev-parse --show-toplevel [5ms]
2023-03-21 12:55:45.745 [info] > git rev-parse --git-dir --git-common-dir [1ms]
2023-03-21 12:55:45.745 [info] Open repository: /home/rocio/code/01-Estructura-de-datos-WS
2023-03-21 12:55:45.745 [info] > git rev-parse --show-toplevel [10ms]
2023-03-21 12:55:45.745 [info] > git rev-parse --show-toplevel [13ms]
2023-03-21 12:55:45.745 [info] > git config --get commit.template [27ms]
2023-03-21 12:55:45.745 [info] > git rev-parse --show-toplevel [10ms]
2023-03-21 12:55:45.745 [info] > git rev-parse --show-toplevel [27ms]
2023-03-21 12:55:45.745 [info] > git rev-parse --show-toplevel [35ms]
2023-03-21 12:55:45.745 [info] > git for-each-ref --format=%(refname)%00%(upstream:short)%00%(objectname)%00%(upstream:track)%00%(upstream:remotename)%00%(upstream:remoteref) refs/heads/main refs/remotes/main [81ms]
2023-03-21 12:55:45.746 [info] > git status -z -uall [16ms]
2023-03-21 12:55:45.758 [info] > git rev-parse --show-toplevel [43ms]
2023-03-21 12:55:45.839 [info] > git rev-parse --show-toplevel [68ms]
2023-03-21 12:55:45.883 [info] > git config --get commit.template [43ms]
2023-03-21 12:55:45.902 [info] > git for-each-ref --format=%(refname)%00%(upstream:short)%00%(objectname)%00%(upstream:track)%00%(upstream:remotename)%00%(upstream:remoteref) refs/heads/main refs/remotes/main [1ms]
2023-03-21 12:55:45.930 [info] > git status -z -uall [17ms]
2023-03-21 12:55:46.189 [info] > git check-ignore -v -z --stdin [1ms]
2023-03-21 12:55:46.680 [info] > git show --textconv :01_queue/queue.js [8ms]
2023-03-21 12:55:46.695 [info] > git show --textconv :01_queue/queueSpec.js [9ms]
2023-03-21 12:55:46.696 [info] > git ls-files --stage -- /home/rocio/code/01-Estructura-de-datos-WS/01_queue/queueSpec.js [4ms]
2023-03-21 12:55:46.704 [info] > git ls-files --stage -- /home/rocio/code/01-Estructura-de-datos-WS/01_queue/queue.js [24ms]
2023-03-21 12:55:46.716 [info] > git cat-file -s e69de29bb2d1d6434b8b29ae775ad8c2e48c5391 [7ms]
2023-03-21 12:55:46.717 [info] > git cat-file -s c5c4b40f37cf4e21f705589c4f6957370a81b6e8 [14ms]
2023-03-21 12:56:02.451 [info] > git show --textconv :02_linkedlist/linkedlistSpec.js [18ms]
2023-03-21 12:56:02.453 [info] > git ls-files --stage -- /home/rocio/code/01-Estructura-de-datos-WS/02_linkedlist/linkedlistSpec.js [3ms]
2023-03-21 12:56:02.464 [info] > git cat-file -s 538a3569e0655cff9c5343789dd425e5765548db [2ms]
2023-03-21 12:56:03.804 [info] > git show --textconv :02_linkedlist/linkedlist.js [16ms]
2023-03-21 12:56:03.806 [info] > git ls-files --stage -- /home/rocio/code/01-Estructura-de-datos-WS/02_linkedlist/linkedlist.js [4ms]
2023-03-21 12:56:03.822 [info] > git cat-file -s e69de29bb2d1d6434b8b29ae775ad8c2e48c5391 [4ms]
2023-03-21 12:56:04.323 [info] > git show --textconv :02_linkedlist/linkedlistSpec.js [13ms]
2023-03-21 12:56:04.326 [info] > git ls-files --stage -- /home/rocio/code/01-Estructura-de-datos-WS/02_linkedlist/linkedlistSpec.js [3ms]
2023-03-21 12:56:04.335 [info] > git cat-file -s 538a3569e0655cff9c5343789dd425e5765548db [2ms]
2023-03-21 12:56:55.126 [info] > git show --textconv :02_linkedlist/linkedlist.js [19ms]
2023-03-21 12:56:55.128 [info] > git ls-files --stage -- /home/rocio/code/01-Estructura-de-datos-WS/02_linkedlist/linkedlist.js [3ms]
2023-03-21 12:56:55.139 [info] > git cat-file -s e69de29bb2d1d6434b8b29ae775ad8c2e48c5391 [3ms]
2023-03-21 12:56:59.367 [info] > git show --textconv :02_linkedlist/linkedlist.js [13ms]
2023-03-21 12:56:59.369 [info] > git ls-files --stage -- /home/rocio/code/01-Estructura-de-datos-WS/02_linkedlist/linkedlist.js [3ms]
2023-03-21 12:56:59.377 [info] > git cat-file -s e69de29bb2d1d6434b8b29ae775ad8c2e48c5391 [1ms]
2023-03-21 12:59:26.460 [info] > git config --get commit.template [18ms]
2023-03-21 12:59:26.461 [info] > git for-each-ref --format=%(refname)%00%(upstream:short)%00%(objectname)%00%(upstream:track)%00%(upstream:remotename)%00%(upstream:remoteref) refs/heads/main refs/remotes/main [5ms]
2023-03-21 12:59:26.476 [info] > git status -z -uall [3ms]
2023-03-21 13:03:15.414 [info] > git config --get commit.template [14ms]
2023-03-21 13:03:15.415 [info] > git for-each-ref --format=%(refname)%00%(upstream:short)%00%(objectname)%00%(upstream:track)%00%(upstream:remotename)%00%(upstream:remoteref) refs/heads/main refs/remotes/main [3ms]
2023-03-21 13:03:15.427 [info] > git status -z -uall [4ms]
2023-03-21 13:13:56.791 [info] > git config --get commit.template [6ms]
2023-03-21 13:13:56.791 [info] > git for-each-ref --format=%(refname)%00%(upstream:short)%00%(objectname)%00%(upstream:track)%00%(upstream:remotename)%00%(upstream:remoteref) refs/heads/main refs/remotes/main [1ms]
2023-03-21 13:13:56.799 [info] > git status -z -uall [2ms]
2023-03-21 13:14:01.830 [info] > git config --get commit.template [5ms]
2023-03-21 13:14:01.855 [info] > git for-each-ref --format=%(refname)%00%(upstream:short)%00%(objectname)%00%(upstream:track)%00%(upstream:remotename)%00%(upstream:remoteref) refs/heads/main refs/remotes/main [5ms]
2023-03-21 13:14:01.871 [info] > git status -z -uall [3ms]
2023-03-21 14:14:28.138 [info] > git config --get commit.template [9ms]
2023-03-21 14:14:28.139 [info] > git for-each-ref --format=%(refname)%00%(upstream:short)%00%(objectname)%00%(upstream:track)%00%(upstream:remotename)%00%(upstream:remoteref) refs/heads/main refs/remotes/main [3ms]
2023-03-21 14:14:28.149 [info] > git status -z -uall [3ms]
2023-03-21 14:22:05.350 [info] > git show --textconv :testem.json [7ms]
2023-03-21 14:22:05.357 [info] > git ls-files --stage -- /home/rocio/code/01-Estructura-de-datos-WS/testem.json [9ms]
2023-03-21 14:22:05.371 [info] > git cat-file -s 7d0e138fa43189f633d17083fb5015e22dbfc867 [4ms]
2023-03-21 14:22:09.166 [info] > git for-each-ref --format=%(refname)%00%(upstream:short)%00%(objectname)%00%(upstream:track)%00%(upstream:remotename)%00%(upstream:remoteref) refs/heads/main refs/remotes/main [3ms]
2023-03-21 14:22:09.167 [info] > git config --get commit.template [16ms]
2023-03-21 14:22:09.182 [info] > git status -z -uall [3ms]
2023-03-21 14:22:14.215 [info] > git config --get commit.template [3ms]
2023-03-21 14:22:14.228 [info] > git for-each-ref --format=%(refname)%00%(upstream:short)%00%(objectname)%00%(upstream:track)%00%(upstream:remotename)%00%(upstream:remoteref) refs/heads/main refs/remotes/main [2ms]
2023-03-21 14:22:14.242 [info] > git status -z -uall [3ms]
2023-03-21 14:32:33.159 [info] > git config --get commit.template [8ms]
2023-03-21 14:32:33.159 [info] > git for-each-ref --format=%(refname)%00%(upstream:short)%00%(objectname)%00%(upstream:track)%00%(upstream:remotename)%00%(upstream:remoteref) refs/heads/main refs/remotes/main [1ms]
2023-03-21 14:32:33.168 [info] > git status -z -uall [2ms]
2023-03-21 14:42:37.538 [info] > git config --get commit.template [22ms]
2023-03-21 14:42:37.540 [info] > git for-each-ref --format=%(refname)%00%(upstream:short)%00%(objectname)%00%(upstream:track)%00%(upstream:remotename)%00%(upstream:remoteref) refs/heads/main refs/remotes/main [5ms]
2023-03-21 14:42:37.560 [info] > git status -z -uall [3ms]
2023-03-21 15:03:03.417 [info] > git show --textconv :01_queue/queueSpec.js [15ms]
2023-03-21 15:03:03.418 [info] > git ls-files --stage -- /home/rocio/code/01-Estructura-de-datos-WS/01_queue/queueSpec.js [2ms]
2023-03-21 15:03:03.430 [info] > git cat-file -s c5c4b40f37cf4e21f705589c4f6957370a81b6e8 [1ms]
2023-03-21 15:03:10.183 [info] > git config --get commit.template [25ms]
2023-03-21 15:03:10.184 [info] > git for-each-ref --format=%(refname)%00%(upstream:short)%00%(objectname)%00%(upstream:track)%00%(upstream:remotename)%00%(upstream:remoteref) refs/heads/main refs/remotes/main [4ms]
2023-03-21 15:03:10.200 [info] > git status -z -uall [4ms]
2023-03-21 15:11:27.673 [info] > git config --get commit.template [11ms]
2023-03-21 15:11:27.673 [info] > git for-each-ref --format=%(refname)%00%(upstream:short)%00%(objectname)%00%(upstream:track)%00%(upstream:remotename)%00%(upstream:remoteref) refs/heads/main refs/remotes/main [2ms]
2023-03-21 15:11:27.685 [info] > git status -z -uall [3ms]
2023-03-21 15:13:23.582 [info] > git config --get commit.template [5ms]
2023-03-21 15:13:23.582 [info] > git for-each-ref --format=%(refname)%00%(upstream:short)%00%(objectname)%00%(upstream:track)%00%(upstream:remotename)%00%(upstream:remoteref) refs/heads/main refs/remotes/main [1ms]
2023-03-21 15:13:23.589 [info] > git status -z -uall [2ms]
