2023-03-23 10:50:01.128 [info] Log level: Info
2023-03-23 10:50:01.128 [info] Validating found git in: "git"
2023-03-23 10:50:01.128 [info] Using git "2.34.1" from "git"
2023-03-23 10:50:01.128 [info] > git rev-parse --show-toplevel [32ms]
2023-03-23 10:50:01.128 [info] > git rev-parse --git-dir --git-common-dir [4ms]
2023-03-23 10:50:01.128 [info] Open repository: /home/rocio/code/01-Estructura-de-datos-WS
2023-03-23 10:50:01.128 [info] > git rev-parse --show-toplevel [18ms]
2023-03-23 10:50:01.128 [info] > git rev-parse --show-toplevel [10ms]
2023-03-23 10:50:01.128 [info] > git config --get commit.template [50ms]
2023-03-23 10:50:01.128 [info] > git rev-parse --show-toplevel [38ms]
2023-03-23 10:50:01.128 [info] > git rev-parse --show-toplevel [39ms]
2023-03-23 10:50:01.128 [info] > git rev-parse --show-toplevel [11ms]
2023-03-23 10:50:01.128 [info] > git for-each-ref --format=%(refname)%00%(upstream:short)%00%(objectname)%00%(upstream:track)%00%(upstream:remotename)%00%(upstream:remoteref) refs/heads/main refs/remotes/main [40ms]
2023-03-23 10:50:01.128 [info] > git status -z -uall [72ms]
2023-03-23 10:50:01.128 [info] > git rev-parse --show-toplevel [98ms]
2023-03-23 10:50:01.128 [info] > git rev-parse --show-toplevel [81ms]
2023-03-23 10:50:01.154 [info] > git config --get commit.template [61ms]
2023-03-23 10:50:01.180 [info] > git for-each-ref --format=%(refname)%00%(upstream:short)%00%(objectname)%00%(upstream:track)%00%(upstream:remotename)%00%(upstream:remoteref) refs/heads/main refs/remotes/main [4ms]
2023-03-23 10:50:01.196 [info] > git status -z -uall [4ms]
2023-03-23 10:50:01.368 [info] > git check-ignore -v -z --stdin [4ms]
2023-03-23 10:50:02.226 [info] > git show --textconv :03_bst/bst.js [9ms]
2023-03-23 10:50:02.243 [info] > git show --textconv :03_bst/bstSpec.js [10ms]
2023-03-23 10:50:02.244 [info] > git ls-files --stage -- /home/rocio/code/01-Estructura-de-datos-WS/03_bst/bst.js [18ms]
2023-03-23 10:50:02.258 [info] > git ls-files --stage -- /home/rocio/code/01-Estructura-de-datos-WS/03_bst/bstSpec.js [18ms]
2023-03-23 10:50:02.266 [info] > git cat-file -s a222f1f4ce032520a0324eb447b81c90c4936305 [9ms]
2023-03-23 10:50:02.272 [info] > git cat-file -s 988a610399a350791c7d5b5682522655ed565e7e [6ms]
2023-03-23 10:50:29.023 [info] > git config --get commit.template [8ms]
2023-03-23 10:50:29.024 [info] > git for-each-ref --format=%(refname)%00%(upstream:short)%00%(objectname)%00%(upstream:track)%00%(upstream:remotename)%00%(upstream:remoteref) refs/heads/rama1 refs/remotes/rama1 [2ms]
2023-03-23 10:50:29.031 [info] > git status -z -uall [2ms]
2023-03-23 10:50:29.126 [info] > git ls-files --stage -- /home/rocio/code/01-Estructura-de-datos-WS/03_bst/bstSpec.js [1ms]
2023-03-23 10:50:29.133 [info] > git ls-files --stage -- /home/rocio/code/01-Estructura-de-datos-WS/03_bst/bst.js [16ms]
2023-03-23 10:50:29.141 [info] > git cat-file -s 12dac8159d2b53aeb50edf4e8e6e099fc7715aad [1ms]
2023-03-23 10:50:29.142 [info] > git cat-file -s 88d2eeb1193b707c2dfdb377b0d9e36be601db7d [10ms]
2023-03-23 10:50:29.158 [info] > git show --textconv :03_bst/bst.js [6ms]
2023-03-23 10:50:29.160 [info] > git show --textconv :03_bst/bstSpec.js [3ms]
2023-03-23 10:50:36.476 [info] > git config --get commit.template [1ms]
2023-03-23 10:50:36.486 [info] > git for-each-ref --format=%(refname)%00%(upstream:short)%00%(objectname)%00%(upstream:track)%00%(upstream:remotename)%00%(upstream:remoteref) refs/heads/rama1 refs/remotes/rama1 [1ms]
2023-03-23 10:50:36.492 [info] > git status -z -uall [1ms]
2023-03-23 10:50:36.581 [info] > git ls-files --stage -- /home/rocio/code/01-Estructura-de-datos-WS/03_bst/bst.js [8ms]
2023-03-23 10:50:36.586 [info] > git ls-files --stage -- /home/rocio/code/01-Estructura-de-datos-WS/03_bst/bstSpec.js [6ms]
2023-03-23 10:50:36.591 [info] > git cat-file -s 12dac8159d2b53aeb50edf4e8e6e099fc7715aad [6ms]
2023-03-23 10:50:36.592 [info] > git cat-file -s 88d2eeb1193b707c2dfdb377b0d9e36be601db7d [2ms]
2023-03-23 10:50:36.604 [info] > git show --textconv :03_bst/bst.js [6ms]
2023-03-23 10:50:36.605 [info] > git show --textconv :03_bst/bstSpec.js [2ms]
2023-03-23 10:51:12.062 [info] > git config --get commit.template [5ms]
2023-03-23 10:51:12.062 [info] > git for-each-ref --format=%(refname)%00%(upstream:short)%00%(objectname)%00%(upstream:track)%00%(upstream:remotename)%00%(upstream:remoteref) refs/heads/main refs/remotes/main [1ms]
2023-03-23 10:51:12.068 [info] > git status -z -uall [1ms]
2023-03-23 10:51:12.169 [info] > git ls-files --stage -- /home/rocio/code/01-Estructura-de-datos-WS/03_bst/bst.js [8ms]
2023-03-23 10:51:12.174 [info] > git ls-files --stage -- /home/rocio/code/01-Estructura-de-datos-WS/03_bst/bstSpec.js [7ms]
2023-03-23 10:51:12.179 [info] > git cat-file -s a222f1f4ce032520a0324eb447b81c90c4936305 [5ms]
2023-03-23 10:51:12.179 [info] > git cat-file -s 988a610399a350791c7d5b5682522655ed565e7e [1ms]
2023-03-23 10:51:12.190 [info] > git show --textconv :03_bst/bst.js [6ms]
2023-03-23 10:51:12.191 [info] > git show --textconv :03_bst/bstSpec.js [2ms]
2023-03-23 10:51:16.997 [info] > git show --textconv :01_queue/queue.js [10ms]
2023-03-23 10:51:16.997 [info] > git ls-files --stage -- /home/rocio/code/01-Estructura-de-datos-WS/01_queue/queue.js [2ms]
2023-03-23 10:51:17.004 [info] > git cat-file -s 8509378cacc47ab8d5f5787a8b011abf7b0b7062 [1ms]
2023-03-23 10:51:42.892 [info] > git show --textconv :03_bst/bst.js [6ms]
2023-03-23 10:51:42.893 [info] > git ls-files --stage -- /home/rocio/code/01-Estructura-de-datos-WS/03_bst/bst.js [1ms]
2023-03-23 10:51:42.901 [info] > git cat-file -s a222f1f4ce032520a0324eb447b81c90c4936305 [1ms]
2023-03-23 11:00:11.249 [info] > git config --get commit.template [1ms]
2023-03-23 11:00:11.254 [info] > git for-each-ref --format=%(refname)%00%(upstream:short)%00%(objectname)%00%(upstream:track)%00%(upstream:remotename)%00%(upstream:remoteref) refs/heads/main refs/remotes/main [1ms]
2023-03-23 11:00:11.261 [info] > git status -z -uall [2ms]
