["INFO" - 13:33:04] Extension Name: esbenp.prettier-vscode.
["INFO" - 13:33:04] Extension Version: 9.10.4.
["INFO" - 13:52:52] Formatting file:///home/rocio/code/03-Sorting/testem.json
["INFO" - 13:52:52] Using ignore file (if present) at /home/rocio/code/03-Sorting/.prettierignore
["INFO" - 13:52:52] File Info:
{
  "ignored": false,
  "inferredParser": "json"
}
["INFO" - 13:52:52] No local configuration (i.e. .prettierrc or .editorconfig) detected, falling back to VS Code configuration
["INFO" - 13:52:52] Prettier Options:
{
  "arrowParens": "always",
  "bracketSpacing": true,
  "endOfLine": "lf",
  "htmlWhitespaceSensitivity": "css",
  "insertPragma": false,
  "singleAttributePerLine": false,
  "bracketSameLine": false,
  "jsxBracketSameLine": false,
  "jsxSingleQuote": false,
  "printWidth": 80,
  "proseWrap": "preserve",
  "quoteProps": "as-needed",
  "requirePragma": false,
  "semi": true,
  "singleQuote": false,
  "tabWidth": 2,
  "trailingComma": "es5",
  "useTabs": false,
  "vueIndentScriptAndStyle": false,
  "filepath": "/home/rocio/code/03-Sorting/testem.json",
  "parser": "json"
}
["INFO" - 13:52:52] Formatting completed in 36ms.
["INFO" - 13:52:55] Formatting file:///home/rocio/code/03-Sorting/testem.json
["INFO" - 13:52:55] Using ignore file (if present) at /home/rocio/code/03-Sorting/.prettierignore
["INFO" - 13:52:55] File Info:
{
  "ignored": false,
  "inferredParser": "json"
}
["INFO" - 13:52:55] No local configuration (i.e. .prettierrc or .editorconfig) detected, falling back to VS Code configuration
["INFO" - 13:52:55] Prettier Options:
{
  "arrowParens": "always",
  "bracketSpacing": true,
  "endOfLine": "lf",
  "htmlWhitespaceSensitivity": "css",
  "insertPragma": false,
  "singleAttributePerLine": false,
  "bracketSameLine": false,
  "jsxBracketSameLine": false,
  "jsxSingleQuote": false,
  "printWidth": 80,
  "proseWrap": "preserve",
  "quoteProps": "as-needed",
  "requirePragma": false,
  "semi": true,
  "singleQuote": false,
  "tabWidth": 2,
  "trailingComma": "es5",
  "useTabs": false,
  "vueIndentScriptAndStyle": false,
  "filepath": "/home/rocio/code/03-Sorting/testem.json",
  "parser": "json"
}
["INFO" - 13:52:55] Formatting completed in 8ms.
["INFO" - 13:52:55] Formatting file:///home/rocio/code/03-Sorting/testem.json
["INFO" - 13:52:55] Using ignore file (if present) at /home/rocio/code/03-Sorting/.prettierignore
["INFO" - 13:52:55] File Info:
{
  "ignored": false,
  "inferredParser": "json"
}
["INFO" - 13:52:55] No local configuration (i.e. .prettierrc or .editorconfig) detected, falling back to VS Code configuration
["INFO" - 13:52:55] Prettier Options:
{
  "arrowParens": "always",
  "bracketSpacing": true,
  "endOfLine": "lf",
  "htmlWhitespaceSensitivity": "css",
  "insertPragma": false,
  "singleAttributePerLine": false,
  "bracketSameLine": false,
  "jsxBracketSameLine": false,
  "jsxSingleQuote": false,
  "printWidth": 80,
  "proseWrap": "preserve",
  "quoteProps": "as-needed",
  "requirePragma": false,
  "semi": true,
  "singleQuote": false,
  "tabWidth": 2,
  "trailingComma": "es5",
  "useTabs": false,
  "vueIndentScriptAndStyle": false,
  "filepath": "/home/rocio/code/03-Sorting/testem.json",
  "parser": "json"
}
["INFO" - 13:52:55] Formatting completed in 6ms.
["INFO" - 13:52:55] Formatting file:///home/rocio/code/03-Sorting/testem.json
["INFO" - 13:52:55] Using ignore file (if present) at /home/rocio/code/03-Sorting/.prettierignore
["INFO" - 13:52:55] File Info:
{
  "ignored": false,
  "inferredParser": "json"
}
["INFO" - 13:52:55] No local configuration (i.e. .prettierrc or .editorconfig) detected, falling back to VS Code configuration
["INFO" - 13:52:55] Prettier Options:
{
  "arrowParens": "always",
  "bracketSpacing": true,
  "endOfLine": "lf",
  "htmlWhitespaceSensitivity": "css",
  "insertPragma": false,
  "singleAttributePerLine": false,
  "bracketSameLine": false,
  "jsxBracketSameLine": false,
  "jsxSingleQuote": false,
  "printWidth": 80,
  "proseWrap": "preserve",
  "quoteProps": "as-needed",
  "requirePragma": false,
  "semi": true,
  "singleQuote": false,
  "tabWidth": 2,
  "trailingComma": "es5",
  "useTabs": false,
  "vueIndentScriptAndStyle": false,
  "filepath": "/home/rocio/code/03-Sorting/testem.json",
  "parser": "json"
}
["INFO" - 13:52:55] Formatting completed in 6ms.
["INFO" - 13:56:03] Formatting file:///home/rocio/code/03-Sorting/bubblesort.spec.js
["INFO" - 13:56:03] Using ignore file (if present) at /home/rocio/code/03-Sorting/.prettierignore
["INFO" - 13:56:03] File Info:
{
  "ignored": false,
  "inferredParser": "babel"
}
["INFO" - 13:56:03] No local configuration (i.e. .prettierrc or .editorconfig) detected, falling back to VS Code configuration
["INFO" - 13:56:03] Prettier Options:
{
  "arrowParens": "always",
  "bracketSpacing": true,
  "endOfLine": "lf",
  "htmlWhitespaceSensitivity": "css",
  "insertPragma": false,
  "singleAttributePerLine": false,
  "bracketSameLine": false,
  "jsxBracketSameLine": false,
  "jsxSingleQuote": false,
  "printWidth": 80,
  "proseWrap": "preserve",
  "quoteProps": "as-needed",
  "requirePragma": false,
  "semi": true,
  "singleQuote": false,
  "tabWidth": 2,
  "trailingComma": "es5",
  "useTabs": false,
  "vueIndentScriptAndStyle": false,
  "filepath": "/home/rocio/code/03-Sorting/bubblesort.spec.js",
  "parser": "babel"
}
["INFO" - 13:56:03] Formatting completed in 12ms.
["INFO" - 14:00:12] Formatting file:///home/rocio/code/03-Sorting/bubblesort.spec.js
["INFO" - 14:00:12] Using ignore file (if present) at /home/rocio/code/03-Sorting/.prettierignore
["INFO" - 14:00:12] File Info:
{
  "ignored": false,
  "inferredParser": "babel"
}
["INFO" - 14:00:12] No local configuration (i.e. .prettierrc or .editorconfig) detected, falling back to VS Code configuration
["INFO" - 14:00:12] Prettier Options:
{
  "arrowParens": "always",
  "bracketSpacing": true,
  "endOfLine": "lf",
  "htmlWhitespaceSensitivity": "css",
  "insertPragma": false,
  "singleAttributePerLine": false,
  "bracketSameLine": false,
  "jsxBracketSameLine": false,
  "jsxSingleQuote": false,
  "printWidth": 80,
  "proseWrap": "preserve",
  "quoteProps": "as-needed",
  "requirePragma": false,
  "semi": true,
  "singleQuote": false,
  "tabWidth": 2,
  "trailingComma": "es5",
  "useTabs": false,
  "vueIndentScriptAndStyle": false,
  "filepath": "/home/rocio/code/03-Sorting/bubblesort.spec.js",
  "parser": "babel"
}
["INFO" - 14:00:12] Formatting completed in 14ms.
["INFO" - 14:01:44] Formatting file:///home/rocio/code/03-Sorting/bubblesort.spec.js
["INFO" - 14:01:44] Using ignore file (if present) at /home/rocio/code/03-Sorting/.prettierignore
["INFO" - 14:01:44] File Info:
{
  "ignored": false,
  "inferredParser": "babel"
}
["INFO" - 14:01:44] No local configuration (i.e. .prettierrc or .editorconfig) detected, falling back to VS Code configuration
["INFO" - 14:01:44] Prettier Options:
{
  "arrowParens": "always",
  "bracketSpacing": true,
  "endOfLine": "lf",
  "htmlWhitespaceSensitivity": "css",
  "insertPragma": false,
  "singleAttributePerLine": false,
  "bracketSameLine": false,
  "jsxBracketSameLine": false,
  "jsxSingleQuote": false,
  "printWidth": 80,
  "proseWrap": "preserve",
  "quoteProps": "as-needed",
  "requirePragma": false,
  "semi": true,
  "singleQuote": false,
  "tabWidth": 2,
  "trailingComma": "es5",
  "useTabs": false,
  "vueIndentScriptAndStyle": false,
  "filepath": "/home/rocio/code/03-Sorting/bubblesort.spec.js",
  "parser": "babel"
}
["INFO" - 14:01:44] Formatting completed in 12ms.
["INFO" - 14:01:56] Formatting file:///home/rocio/code/03-Sorting/bubblesort.spec.js
["INFO" - 14:01:56] Using ignore file (if present) at /home/rocio/code/03-Sorting/.prettierignore
["INFO" - 14:01:56] File Info:
{
  "ignored": false,
  "inferredParser": "babel"
}
["INFO" - 14:01:56] No local configuration (i.e. .prettierrc or .editorconfig) detected, falling back to VS Code configuration
["INFO" - 14:01:56] Prettier Options:
{
  "arrowParens": "always",
  "bracketSpacing": true,
  "endOfLine": "lf",
  "htmlWhitespaceSensitivity": "css",
  "insertPragma": false,
  "singleAttributePerLine": false,
  "bracketSameLine": false,
  "jsxBracketSameLine": false,
  "jsxSingleQuote": false,
  "printWidth": 80,
  "proseWrap": "preserve",
  "quoteProps": "as-needed",
  "requirePragma": false,
  "semi": true,
  "singleQuote": false,
  "tabWidth": 2,
  "trailingComma": "es5",
  "useTabs": false,
  "vueIndentScriptAndStyle": false,
  "filepath": "/home/rocio/code/03-Sorting/bubblesort.spec.js",
  "parser": "babel"
}
["INFO" - 14:01:56] Formatting completed in 9ms.
["INFO" - 14:46:44] Formatting file:///home/rocio/code/03-Sorting/bubblesort.js
["INFO" - 14:46:44] Using ignore file (if present) at /home/rocio/code/03-Sorting/.prettierignore
["INFO" - 14:46:44] File Info:
{
  "ignored": false,
  "inferredParser": "babel"
}
["INFO" - 14:46:44] No local configuration (i.e. .prettierrc or .editorconfig) detected, falling back to VS Code configuration
["INFO" - 14:46:44] Prettier Options:
{
  "arrowParens": "always",
  "bracketSpacing": true,
  "endOfLine": "lf",
  "htmlWhitespaceSensitivity": "css",
  "insertPragma": false,
  "singleAttributePerLine": false,
  "bracketSameLine": false,
  "jsxBracketSameLine": false,
  "jsxSingleQuote": false,
  "printWidth": 80,
  "proseWrap": "preserve",
  "quoteProps": "as-needed",
  "requirePragma": false,
  "semi": true,
  "singleQuote": false,
  "tabWidth": 2,
  "trailingComma": "es5",
  "useTabs": false,
  "vueIndentScriptAndStyle": false,
  "filepath": "/home/rocio/code/03-Sorting/bubblesort.js",
  "parser": "babel"
}
["INFO" - 14:46:44] Formatting completed in 17ms.
["INFO" - 14:50:24] Formatting file:///home/rocio/code/03-Sorting/bubblesort.js
["INFO" - 14:50:24] Using ignore file (if present) at /home/rocio/code/03-Sorting/.prettierignore
["INFO" - 14:50:24] File Info:
{
  "ignored": false,
  "inferredParser": "babel"
}
["INFO" - 14:50:24] No local configuration (i.e. .prettierrc or .editorconfig) detected, falling back to VS Code configuration
["INFO" - 14:50:24] Prettier Options:
{
  "arrowParens": "always",
  "bracketSpacing": true,
  "endOfLine": "lf",
  "htmlWhitespaceSensitivity": "css",
  "insertPragma": false,
  "singleAttributePerLine": false,
  "bracketSameLine": false,
  "jsxBracketSameLine": false,
  "jsxSingleQuote": false,
  "printWidth": 80,
  "proseWrap": "preserve",
  "quoteProps": "as-needed",
  "requirePragma": false,
  "semi": true,
  "singleQuote": false,
  "tabWidth": 2,
  "trailingComma": "es5",
  "useTabs": false,
  "vueIndentScriptAndStyle": false,
  "filepath": "/home/rocio/code/03-Sorting/bubblesort.js",
  "parser": "babel"
}
["INFO" - 14:50:24] Formatting completed in 8ms.
["INFO" - 14:50:52] Formatting file:///home/rocio/code/03-Sorting/bubblesort.js
["INFO" - 14:50:52] Using ignore file (if present) at /home/rocio/code/03-Sorting/.prettierignore
["INFO" - 14:50:52] File Info:
{
  "ignored": false,
  "inferredParser": "babel"
}
["INFO" - 14:50:52] No local configuration (i.e. .prettierrc or .editorconfig) detected, falling back to VS Code configuration
["INFO" - 14:50:52] Prettier Options:
{
  "arrowParens": "always",
  "bracketSpacing": true,
  "endOfLine": "lf",
  "htmlWhitespaceSensitivity": "css",
  "insertPragma": false,
  "singleAttributePerLine": false,
  "bracketSameLine": false,
  "jsxBracketSameLine": false,
  "jsxSingleQuote": false,
  "printWidth": 80,
  "proseWrap": "preserve",
  "quoteProps": "as-needed",
  "requirePragma": false,
  "semi": true,
  "singleQuote": false,
  "tabWidth": 2,
  "trailingComma": "es5",
  "useTabs": false,
  "vueIndentScriptAndStyle": false,
  "filepath": "/home/rocio/code/03-Sorting/bubblesort.js",
  "parser": "babel"
}
["INFO" - 14:50:52] Formatting completed in 9ms.
["INFO" - 14:51:24] Formatting file:///home/rocio/code/03-Sorting/bubblesort.js
["INFO" - 14:51:24] Using ignore file (if present) at /home/rocio/code/03-Sorting/.prettierignore
["INFO" - 14:51:24] File Info:
{
  "ignored": false,
  "inferredParser": "babel"
}
["INFO" - 14:51:24] No local configuration (i.e. .prettierrc or .editorconfig) detected, falling back to VS Code configuration
["INFO" - 14:51:24] Prettier Options:
{
  "arrowParens": "always",
  "bracketSpacing": true,
  "endOfLine": "lf",
  "htmlWhitespaceSensitivity": "css",
  "insertPragma": false,
  "singleAttributePerLine": false,
  "bracketSameLine": false,
  "jsxBracketSameLine": false,
  "jsxSingleQuote": false,
  "printWidth": 80,
  "proseWrap": "preserve",
  "quoteProps": "as-needed",
  "requirePragma": false,
  "semi": true,
  "singleQuote": false,
  "tabWidth": 2,
  "trailingComma": "es5",
  "useTabs": false,
  "vueIndentScriptAndStyle": false,
  "filepath": "/home/rocio/code/03-Sorting/bubblesort.js",
  "parser": "babel"
}
["INFO" - 14:51:24] Formatting completed in 15ms.
["INFO" - 14:52:25] Formatting file:///home/rocio/code/03-Sorting/bubblesort.spec.js
["INFO" - 14:52:25] Using ignore file (if present) at /home/rocio/code/03-Sorting/.prettierignore
["INFO" - 14:52:25] File Info:
{
  "ignored": false,
  "inferredParser": "babel"
}
["INFO" - 14:52:25] No local configuration (i.e. .prettierrc or .editorconfig) detected, falling back to VS Code configuration
["INFO" - 14:52:25] Prettier Options:
{
  "arrowParens": "always",
  "bracketSpacing": true,
  "endOfLine": "lf",
  "htmlWhitespaceSensitivity": "css",
  "insertPragma": false,
  "singleAttributePerLine": false,
  "bracketSameLine": false,
  "jsxBracketSameLine": false,
  "jsxSingleQuote": false,
  "printWidth": 80,
  "proseWrap": "preserve",
  "quoteProps": "as-needed",
  "requirePragma": false,
  "semi": true,
  "singleQuote": false,
  "tabWidth": 2,
  "trailingComma": "es5",
  "useTabs": false,
  "vueIndentScriptAndStyle": false,
  "filepath": "/home/rocio/code/03-Sorting/bubblesort.spec.js",
  "parser": "babel"
}
["INFO" - 14:52:25] Formatting completed in 13ms.
["INFO" - 14:52:27] Formatting file:///home/rocio/code/03-Sorting/bubblesort.js
["INFO" - 14:52:27] Using ignore file (if present) at /home/rocio/code/03-Sorting/.prettierignore
["INFO" - 14:52:27] File Info:
{
  "ignored": false,
  "inferredParser": "babel"
}
["INFO" - 14:52:27] No local configuration (i.e. .prettierrc or .editorconfig) detected, falling back to VS Code configuration
["INFO" - 14:52:27] Prettier Options:
{
  "arrowParens": "always",
  "bracketSpacing": true,
  "endOfLine": "lf",
  "htmlWhitespaceSensitivity": "css",
  "insertPragma": false,
  "singleAttributePerLine": false,
  "bracketSameLine": false,
  "jsxBracketSameLine": false,
  "jsxSingleQuote": false,
  "printWidth": 80,
  "proseWrap": "preserve",
  "quoteProps": "as-needed",
  "requirePragma": false,
  "semi": true,
  "singleQuote": false,
  "tabWidth": 2,
  "trailingComma": "es5",
  "useTabs": false,
  "vueIndentScriptAndStyle": false,
  "filepath": "/home/rocio/code/03-Sorting/bubblesort.js",
  "parser": "babel"
}
["INFO" - 14:52:27] Formatting completed in 8ms.
["INFO" - 14:52:42] Formatting file:///home/rocio/code/03-Sorting/bubblesort.spec.js
["INFO" - 14:52:42] Using ignore file (if present) at /home/rocio/code/03-Sorting/.prettierignore
["INFO" - 14:52:42] File Info:
{
  "ignored": false,
  "inferredParser": "babel"
}
["INFO" - 14:52:42] No local configuration (i.e. .prettierrc or .editorconfig) detected, falling back to VS Code configuration
["INFO" - 14:52:42] Prettier Options:
{
  "arrowParens": "always",
  "bracketSpacing": true,
  "endOfLine": "lf",
  "htmlWhitespaceSensitivity": "css",
  "insertPragma": false,
  "singleAttributePerLine": false,
  "bracketSameLine": false,
  "jsxBracketSameLine": false,
  "jsxSingleQuote": false,
  "printWidth": 80,
  "proseWrap": "preserve",
  "quoteProps": "as-needed",
  "requirePragma": false,
  "semi": true,
  "singleQuote": false,
  "tabWidth": 2,
  "trailingComma": "es5",
  "useTabs": false,
  "vueIndentScriptAndStyle": false,
  "filepath": "/home/rocio/code/03-Sorting/bubblesort.spec.js",
  "parser": "babel"
}
["INFO" - 14:52:42] Formatting completed in 8ms.
["INFO" - 14:53:10] Formatting file:///home/rocio/code/03-Sorting/bubblesort.js
["INFO" - 14:53:10] Using ignore file (if present) at /home/rocio/code/03-Sorting/.prettierignore
["INFO" - 14:53:10] File Info:
{
  "ignored": false,
  "inferredParser": "babel"
}
["INFO" - 14:53:10] No local configuration (i.e. .prettierrc or .editorconfig) detected, falling back to VS Code configuration
["INFO" - 14:53:10] Prettier Options:
{
  "arrowParens": "always",
  "bracketSpacing": true,
  "endOfLine": "lf",
  "htmlWhitespaceSensitivity": "css",
  "insertPragma": false,
  "singleAttributePerLine": false,
  "bracketSameLine": false,
  "jsxBracketSameLine": false,
  "jsxSingleQuote": false,
  "printWidth": 80,
  "proseWrap": "preserve",
  "quoteProps": "as-needed",
  "requirePragma": false,
  "semi": true,
  "singleQuote": false,
  "tabWidth": 2,
  "trailingComma": "es5",
  "useTabs": false,
  "vueIndentScriptAndStyle": false,
  "filepath": "/home/rocio/code/03-Sorting/bubblesort.js",
  "parser": "babel"
}
["INFO" - 14:53:10] Formatting completed in 8ms.
["INFO" - 14:54:36] Formatting file:///home/rocio/code/03-Sorting/bubblesort.js
["INFO" - 14:54:36] Using ignore file (if present) at /home/rocio/code/03-Sorting/.prettierignore
["INFO" - 14:54:36] File Info:
{
  "ignored": false,
  "inferredParser": "babel"
}
["INFO" - 14:54:36] No local configuration (i.e. .prettierrc or .editorconfig) detected, falling back to VS Code configuration
["INFO" - 14:54:36] Prettier Options:
{
  "arrowParens": "always",
  "bracketSpacing": true,
  "endOfLine": "lf",
  "htmlWhitespaceSensitivity": "css",
  "insertPragma": false,
  "singleAttributePerLine": false,
  "bracketSameLine": false,
  "jsxBracketSameLine": false,
  "jsxSingleQuote": false,
  "printWidth": 80,
  "proseWrap": "preserve",
  "quoteProps": "as-needed",
  "requirePragma": false,
  "semi": true,
  "singleQuote": false,
  "tabWidth": 2,
  "trailingComma": "es5",
  "useTabs": false,
  "vueIndentScriptAndStyle": false,
  "filepath": "/home/rocio/code/03-Sorting/bubblesort.js",
  "parser": "babel"
}
["INFO" - 14:54:36] Formatting completed in 9ms.
["INFO" - 15:14:41] Formatting file:///home/rocio/code/03-Sorting/bubblesort.js
["INFO" - 15:14:41] Using ignore file (if present) at /home/rocio/code/03-Sorting/.prettierignore
["INFO" - 15:14:41] File Info:
{
  "ignored": false,
  "inferredParser": "babel"
}
["INFO" - 15:14:41] No local configuration (i.e. .prettierrc or .editorconfig) detected, falling back to VS Code configuration
["INFO" - 15:14:41] Prettier Options:
{
  "arrowParens": "always",
  "bracketSpacing": true,
  "endOfLine": "lf",
  "htmlWhitespaceSensitivity": "css",
  "insertPragma": false,
  "singleAttributePerLine": false,
  "bracketSameLine": false,
  "jsxBracketSameLine": false,
  "jsxSingleQuote": false,
  "printWidth": 80,
  "proseWrap": "preserve",
  "quoteProps": "as-needed",
  "requirePragma": false,
  "semi": true,
  "singleQuote": false,
  "tabWidth": 2,
  "trailingComma": "es5",
  "useTabs": false,
  "vueIndentScriptAndStyle": false,
  "filepath": "/home/rocio/code/03-Sorting/bubblesort.js",
  "parser": "babel"
}
["INFO" - 15:14:41] Formatting completed in 12ms.
["INFO" - 15:15:07] Formatting file:///home/rocio/code/03-Sorting/bubblesort.js
["INFO" - 15:15:07] Using ignore file (if present) at /home/rocio/code/03-Sorting/.prettierignore
["INFO" - 15:15:07] File Info:
{
  "ignored": false,
  "inferredParser": "babel"
}
["INFO" - 15:15:07] No local configuration (i.e. .prettierrc or .editorconfig) detected, falling back to VS Code configuration
["INFO" - 15:15:07] Prettier Options:
{
  "arrowParens": "always",
  "bracketSpacing": true,
  "endOfLine": "lf",
  "htmlWhitespaceSensitivity": "css",
  "insertPragma": false,
  "singleAttributePerLine": false,
  "bracketSameLine": false,
  "jsxBracketSameLine": false,
  "jsxSingleQuote": false,
  "printWidth": 80,
  "proseWrap": "preserve",
  "quoteProps": "as-needed",
  "requirePragma": false,
  "semi": true,
  "singleQuote": false,
  "tabWidth": 2,
  "trailingComma": "es5",
  "useTabs": false,
  "vueIndentScriptAndStyle": false,
  "filepath": "/home/rocio/code/03-Sorting/bubblesort.js",
  "parser": "babel"
}
["INFO" - 15:15:07] Formatting completed in 10ms.
["INFO" - 15:15:59] Formatting file:///home/rocio/code/03-Sorting/bubblesort.js
["INFO" - 15:15:59] Using ignore file (if present) at /home/rocio/code/03-Sorting/.prettierignore
["INFO" - 15:15:59] File Info:
{
  "ignored": false,
  "inferredParser": "babel"
}
["INFO" - 15:15:59] No local configuration (i.e. .prettierrc or .editorconfig) detected, falling back to VS Code configuration
["INFO" - 15:15:59] Prettier Options:
{
  "arrowParens": "always",
  "bracketSpacing": true,
  "endOfLine": "lf",
  "htmlWhitespaceSensitivity": "css",
  "insertPragma": false,
  "singleAttributePerLine": false,
  "bracketSameLine": false,
  "jsxBracketSameLine": false,
  "jsxSingleQuote": false,
  "printWidth": 80,
  "proseWrap": "preserve",
  "quoteProps": "as-needed",
  "requirePragma": false,
  "semi": true,
  "singleQuote": false,
  "tabWidth": 2,
  "trailingComma": "es5",
  "useTabs": false,
  "vueIndentScriptAndStyle": false,
  "filepath": "/home/rocio/code/03-Sorting/bubblesort.js",
  "parser": "babel"
}
["INFO" - 15:15:59] Formatting completed in 7ms.
["INFO" - 15:22:07] Formatting file:///home/rocio/code/03-Sorting/bubblesort.js
["INFO" - 15:22:07] Using ignore file (if present) at /home/rocio/code/03-Sorting/.prettierignore
["INFO" - 15:22:07] File Info:
{
  "ignored": false,
  "inferredParser": "babel"
}
["INFO" - 15:22:07] No local configuration (i.e. .prettierrc or .editorconfig) detected, falling back to VS Code configuration
["INFO" - 15:22:07] Prettier Options:
{
  "arrowParens": "always",
  "bracketSpacing": true,
  "endOfLine": "lf",
  "htmlWhitespaceSensitivity": "css",
  "insertPragma": false,
  "singleAttributePerLine": false,
  "bracketSameLine": false,
  "jsxBracketSameLine": false,
  "jsxSingleQuote": false,
  "printWidth": 80,
  "proseWrap": "preserve",
  "quoteProps": "as-needed",
  "requirePragma": false,
  "semi": true,
  "singleQuote": false,
  "tabWidth": 2,
  "trailingComma": "es5",
  "useTabs": false,
  "vueIndentScriptAndStyle": false,
  "filepath": "/home/rocio/code/03-Sorting/bubblesort.js",
  "parser": "babel"
}
["INFO" - 15:22:07] Formatting completed in 10ms.
["INFO" - 15:23:08] Formatting file:///home/rocio/code/03-Sorting/bubblesort.spec.js
["INFO" - 15:23:08] Using ignore file (if present) at /home/rocio/code/03-Sorting/.prettierignore
["INFO" - 15:23:08] File Info:
{
  "ignored": false,
  "inferredParser": "babel"
}
["INFO" - 15:23:08] No local configuration (i.e. .prettierrc or .editorconfig) detected, falling back to VS Code configuration
["INFO" - 15:23:08] Prettier Options:
{
  "arrowParens": "always",
  "bracketSpacing": true,
  "endOfLine": "lf",
  "htmlWhitespaceSensitivity": "css",
  "insertPragma": false,
  "singleAttributePerLine": false,
  "bracketSameLine": false,
  "jsxBracketSameLine": false,
  "jsxSingleQuote": false,
  "printWidth": 80,
  "proseWrap": "preserve",
  "quoteProps": "as-needed",
  "requirePragma": false,
  "semi": true,
  "singleQuote": false,
  "tabWidth": 2,
  "trailingComma": "es5",
  "useTabs": false,
  "vueIndentScriptAndStyle": false,
  "filepath": "/home/rocio/code/03-Sorting/bubblesort.spec.js",
  "parser": "babel"
}
["INFO" - 15:23:08] Formatting completed in 7ms.
["INFO" - 15:23:09] Formatting file:///home/rocio/code/03-Sorting/bubblesort.js
["INFO" - 15:23:09] Using ignore file (if present) at /home/rocio/code/03-Sorting/.prettierignore
["INFO" - 15:23:09] File Info:
{
  "ignored": false,
  "inferredParser": "babel"
}
["INFO" - 15:23:09] No local configuration (i.e. .prettierrc or .editorconfig) detected, falling back to VS Code configuration
["INFO" - 15:23:09] Prettier Options:
{
  "arrowParens": "always",
  "bracketSpacing": true,
  "endOfLine": "lf",
  "htmlWhitespaceSensitivity": "css",
  "insertPragma": false,
  "singleAttributePerLine": false,
  "bracketSameLine": false,
  "jsxBracketSameLine": false,
  "jsxSingleQuote": false,
  "printWidth": 80,
  "proseWrap": "preserve",
  "quoteProps": "as-needed",
  "requirePragma": false,
  "semi": true,
  "singleQuote": false,
  "tabWidth": 2,
  "trailingComma": "es5",
  "useTabs": false,
  "vueIndentScriptAndStyle": false,
  "filepath": "/home/rocio/code/03-Sorting/bubblesort.js",
  "parser": "babel"
}
["INFO" - 15:23:09] Formatting completed in 10ms.
