2023-03-27 17:30:48.401 [info] Log level: Info
2023-03-27 17:30:48.401 [info] Validating found git in: "git"
2023-03-27 17:30:48.401 [info] Using git "2.34.1" from "git"
2023-03-27 17:30:48.401 [info] > git rev-parse --show-toplevel [12ms]
2023-03-27 17:30:48.401 [info] > git rev-parse --git-dir --git-common-dir [2ms]
2023-03-27 17:30:48.401 [info] Open repository: /home/rocio/code/03-Sorting
2023-03-27 17:30:48.401 [info] > git config --get commit.template [34ms]
2023-03-27 17:30:48.401 [info] No remotes found in the git config file.
2023-03-27 17:30:48.401 [info] > git for-each-ref --format=%(refname)%00%(upstream:short)%00%(objectname)%00%(upstream:track)%00%(upstream:remotename)%00%(upstream:remoteref) refs/heads/master refs/remotes/master [22ms]
2023-03-27 17:30:48.401 [info] > git status -z -uall [11ms]
2023-03-27 17:30:48.401 [info] > git config --get commit.template [18ms]
2023-03-27 17:30:48.401 [info] No remotes found in the git config file.
2023-03-27 17:30:48.429 [info] > git for-each-ref --format=%(refname)%00%(upstream:short)%00%(objectname)%00%(upstream:track)%00%(upstream:remotename)%00%(upstream:remoteref) refs/heads/master refs/remotes/master [29ms]
2023-03-27 17:30:48.445 [info] > git status -z -uall [7ms]
2023-03-27 17:30:48.780 [info] > git check-ignore -v -z --stdin [1ms]
2023-03-27 17:30:50.178 [info] > git show --textconv :bubblesort.js [12ms]
2023-03-27 17:30:50.207 [info] > git show --textconv :bubblesort.spec.js [17ms]
2023-03-27 17:30:50.209 [info] > git ls-files --stage -- /home/rocio/code/03-Sorting/bubblesort.js [32ms]
2023-03-27 17:30:50.212 [info] > git ls-files --stage -- /home/rocio/code/03-Sorting/bubblesort.spec.js [11ms]
2023-03-27 17:36:50.631 [info] No remotes found in the git config file.
2023-03-27 17:36:50.632 [info] > git config --get commit.template [10ms]
2023-03-27 17:36:50.632 [info] > git for-each-ref --format=%(refname)%00%(upstream:short)%00%(objectname)%00%(upstream:track)%00%(upstream:remotename)%00%(upstream:remoteref) refs/heads/master refs/remotes/master [2ms]
2023-03-27 17:36:50.640 [info] > git status -z -uall [2ms]
2023-03-27 17:36:50.755 [info] > git ls-files --stage -- /home/rocio/code/03-Sorting/bubblesort.spec.js [7ms]
2023-03-27 17:36:50.763 [info] > git ls-files --stage -- /home/rocio/code/03-Sorting/bubblesort.js [37ms]
2023-03-27 17:36:50.770 [info] > git cat-file -s 2e2f404274834d232f1134317e5af92c7b64d358 [7ms]
2023-03-27 17:36:50.771 [info] > git cat-file -s 102165185e808a0283f8853c61744366427526cd [2ms]
2023-03-27 17:36:50.784 [info] > git show --textconv :bubblesort.spec.js [7ms]
2023-03-27 17:36:50.785 [info] > git show --textconv :bubblesort.js [2ms]
2023-03-27 17:37:56.686 [info] No remotes found in the git config file.
2023-03-27 17:37:56.695 [info] > git config --get commit.template [11ms]
2023-03-27 17:37:56.695 [info] > git for-each-ref --format=%(refname)%00%(upstream:short)%00%(objectname)%00%(upstream:track)%00%(upstream:remotename)%00%(upstream:remoteref) refs/heads/master refs/remotes/master [2ms]
2023-03-27 17:37:56.702 [info] > git status -z -uall [2ms]
2023-03-27 17:37:56.804 [info] > git ls-files --stage -- /home/rocio/code/03-Sorting/bubblesort.js [15ms]
2023-03-27 17:37:56.814 [info] > git ls-files --stage -- /home/rocio/code/03-Sorting/bubblesort.spec.js [12ms]
2023-03-27 17:37:56.825 [info] > git cat-file -s 102165185e808a0283f8853c61744366427526cd [12ms]
2023-03-27 17:37:56.826 [info] > git cat-file -s 2e2f404274834d232f1134317e5af92c7b64d358 [3ms]
2023-03-27 17:37:56.845 [info] > git show --textconv :bubblesort.js [9ms]
2023-03-27 17:37:56.846 [info] > git show --textconv :bubblesort.spec.js [2ms]
2023-03-27 17:41:53.315 [info] > git config --get commit.template [6ms]
2023-03-27 17:41:53.315 [info] > git for-each-ref --format=%(refname)%00%(upstream:short)%00%(objectname)%00%(upstream:track)%00%(upstream:remotename)%00%(upstream:remoteref) refs/heads/master refs/remotes/master [1ms]
2023-03-27 17:41:53.322 [info] > git status -z -uall [2ms]
2023-03-27 17:41:53.425 [info] > git ls-files --stage -- /home/rocio/code/03-Sorting/bubblesort.js [12ms]
2023-03-27 17:41:53.435 [info] > git ls-files --stage -- /home/rocio/code/03-Sorting/bubblesort.spec.js [12ms]
2023-03-27 17:41:53.446 [info] > git cat-file -s 102165185e808a0283f8853c61744366427526cd [12ms]
2023-03-27 17:41:53.448 [info] > git cat-file -s 2e2f404274834d232f1134317e5af92c7b64d358 [3ms]
2023-03-27 17:41:53.464 [info] > git show --textconv :bubblesort.js [8ms]
2023-03-27 17:41:53.465 [info] > git show --textconv :bubblesort.spec.js [2ms]
2023-03-27 17:42:02.775 [info] > git config --get commit.template [2ms]
2023-03-27 17:42:02.782 [info] > git for-each-ref --format=%(refname)%00%(upstream:short)%00%(objectname)%00%(upstream:track)%00%(upstream:remotename)%00%(upstream:remoteref) refs/heads/main refs/remotes/main [2ms]
2023-03-27 17:42:02.790 [info] > git status -z -uall [2ms]
2023-03-27 17:42:02.909 [info] > git ls-files --stage -- /home/rocio/code/03-Sorting/bubblesort.js [22ms]
2023-03-27 17:42:02.920 [info] > git ls-files --stage -- /home/rocio/code/03-Sorting/bubblesort.spec.js [15ms]
2023-03-27 17:42:02.930 [info] > git cat-file -s 102165185e808a0283f8853c61744366427526cd [11ms]
2023-03-27 17:42:02.931 [info] > git cat-file -s 2e2f404274834d232f1134317e5af92c7b64d358 [3ms]
2023-03-27 17:42:02.949 [info] > git show --textconv :bubblesort.js [9ms]
2023-03-27 17:42:02.950 [info] > git show --textconv :bubblesort.spec.js [2ms]
2023-03-27 17:42:22.446 [info] > git config --get commit.template [21ms]
2023-03-27 17:42:22.448 [info] > git for-each-ref --format=%(refname)%00%(upstream:short)%00%(objectname)%00%(upstream:track)%00%(upstream:remotename)%00%(upstream:remoteref) refs/heads/main refs/remotes/main [5ms]
2023-03-27 17:42:22.463 [info] > git status -z -uall [3ms]
2023-03-27 17:42:22.536 [info] > git ls-files --stage -- /home/rocio/code/03-Sorting/bubblesort.js [13ms]
2023-03-27 17:42:22.544 [info] > git ls-files --stage -- /home/rocio/code/03-Sorting/bubblesort.spec.js [8ms]
2023-03-27 17:42:22.550 [info] > git cat-file -s 102165185e808a0283f8853c61744366427526cd [8ms]
2023-03-27 17:42:22.551 [info] > git cat-file -s 2e2f404274834d232f1134317e5af92c7b64d358 [2ms]
2023-03-27 17:42:22.563 [info] > git show --textconv :bubblesort.js [6ms]
2023-03-27 17:42:22.564 [info] > git show --textconv :bubblesort.spec.js [2ms]
2023-03-27 18:20:39.415 [info] > git config --get commit.template [23ms]
2023-03-27 18:20:39.418 [info] > git for-each-ref --format=%(refname)%00%(upstream:short)%00%(objectname)%00%(upstream:track)%00%(upstream:remotename)%00%(upstream:remoteref) refs/heads/rama1 refs/remotes/rama1 [5ms]
2023-03-27 18:20:39.440 [info] > git status -z -uall [6ms]
2023-03-27 18:20:39.495 [info] > git ls-files --stage -- /home/rocio/code/03-Sorting/bubblesort.js [10ms]
2023-03-27 18:20:39.503 [info] > git ls-files --stage -- /home/rocio/code/03-Sorting/bubblesort.spec.js [10ms]
2023-03-27 18:20:39.512 [info] > git cat-file -s 102165185e808a0283f8853c61744366427526cd [10ms]
2023-03-27 18:20:39.514 [info] > git cat-file -s 2e2f404274834d232f1134317e5af92c7b64d358 [3ms]
2023-03-27 18:20:39.533 [info] > git show --textconv :bubblesort.js [10ms]
2023-03-27 18:20:39.535 [info] > git show --textconv :bubblesort.spec.js [3ms]
2023-03-27 18:24:00.437 [info] > git config --get commit.template [11ms]
2023-03-27 18:24:00.438 [info] > git for-each-ref --format=%(refname)%00%(upstream:short)%00%(objectname)%00%(upstream:track)%00%(upstream:remotename)%00%(upstream:remoteref) refs/heads/rama1 refs/remotes/rama1 [3ms]
2023-03-27 18:24:00.450 [info] > git status -z -uall [3ms]
2023-03-27 18:25:05.847 [info] > git config --get commit.template [18ms]
2023-03-27 18:25:05.848 [info] > git for-each-ref --format=%(refname)%00%(upstream:short)%00%(objectname)%00%(upstream:track)%00%(upstream:remotename)%00%(upstream:remoteref) refs/heads/rama1 refs/remotes/rama1 [3ms]
2023-03-27 18:25:05.859 [info] > git status -z -uall [2ms]
2023-03-27 18:26:36.704 [info] > git config --get commit.template [6ms]
2023-03-27 18:26:36.705 [info] > git for-each-ref --format=%(refname)%00%(upstream:short)%00%(objectname)%00%(upstream:track)%00%(upstream:remotename)%00%(upstream:remoteref) refs/heads/rama1 refs/remotes/rama1 [2ms]
2023-03-27 18:26:36.713 [info] > git status -z -uall [1ms]
2023-03-27 18:28:49.406 [info] > git config --get commit.template [7ms]
2023-03-27 18:28:49.433 [info] > git for-each-ref --format=%(refname)%00%(upstream:short)%00%(objectname)%00%(upstream:track)%00%(upstream:remotename)%00%(upstream:remoteref) refs/heads/rama1 refs/remotes/rama1 [5ms]
2023-03-27 18:28:49.462 [info] > git status -z -uall [6ms]
2023-03-27 18:31:06.199 [info] > git config --get commit.template [10ms]
2023-03-27 18:31:06.200 [info] > git for-each-ref --format=%(refname)%00%(upstream:short)%00%(objectname)%00%(upstream:track)%00%(upstream:remotename)%00%(upstream:remoteref) refs/heads/rama1 refs/remotes/rama1 [2ms]
2023-03-27 18:31:06.209 [info] > git status -z -uall [2ms]
2023-03-27 18:35:15.117 [info] > git config --get commit.template [6ms]
2023-03-27 18:35:15.118 [info] > git for-each-ref --format=%(refname)%00%(upstream:short)%00%(objectname)%00%(upstream:track)%00%(upstream:remotename)%00%(upstream:remoteref) refs/heads/rama1 refs/remotes/rama1 [1ms]
2023-03-27 18:35:15.125 [info] > git status -z -uall [2ms]
2023-03-27 18:35:27.522 [info] > git config --get commit.template [9ms]
2023-03-27 18:35:27.523 [info] > git for-each-ref --format=%(refname)%00%(upstream:short)%00%(objectname)%00%(upstream:track)%00%(upstream:remotename)%00%(upstream:remoteref) refs/heads/rama1 refs/remotes/rama1 [2ms]
2023-03-27 18:35:27.533 [info] > git status -z -uall [2ms]
2023-03-27 18:36:33.251 [info] > git config --get commit.template [6ms]
2023-03-27 18:36:33.252 [info] > git for-each-ref --format=%(refname)%00%(upstream:short)%00%(objectname)%00%(upstream:track)%00%(upstream:remotename)%00%(upstream:remoteref) refs/heads/rama1 refs/remotes/rama1 [1ms]
2023-03-27 18:36:33.259 [info] > git status -z -uall [1ms]
2023-03-27 18:36:48.627 [info] > git config --get commit.template [7ms]
2023-03-27 18:36:48.627 [info] > git for-each-ref --format=%(refname)%00%(upstream:short)%00%(objectname)%00%(upstream:track)%00%(upstream:remotename)%00%(upstream:remoteref) refs/heads/rama1 refs/remotes/rama1 [1ms]
2023-03-27 18:36:48.635 [info] > git status -z -uall [2ms]
2023-03-27 18:37:02.096 [info] > git config --get commit.template [3ms]
2023-03-27 18:37:02.114 [info] > git for-each-ref --format=%(refname)%00%(upstream:short)%00%(objectname)%00%(upstream:track)%00%(upstream:remotename)%00%(upstream:remoteref) refs/heads/rama1 refs/remotes/rama1 [4ms]
2023-03-27 18:37:02.133 [info] > git status -z -uall [4ms]
2023-03-27 18:37:15.490 [info] > git config --get commit.template [9ms]
2023-03-27 18:37:15.491 [info] > git for-each-ref --format=%(refname)%00%(upstream:short)%00%(objectname)%00%(upstream:track)%00%(upstream:remotename)%00%(upstream:remoteref) refs/heads/rama1 refs/remotes/rama1 [2ms]
2023-03-27 18:37:15.500 [info] > git status -z -uall [2ms]
2023-03-27 18:38:06.788 [info] > git config --get commit.template [7ms]
2023-03-27 18:38:06.789 [info] > git for-each-ref --format=%(refname)%00%(upstream:short)%00%(objectname)%00%(upstream:track)%00%(upstream:remotename)%00%(upstream:remoteref) refs/heads/rama1 refs/remotes/rama1 [1ms]
2023-03-27 18:38:06.798 [info] > git status -z -uall [1ms]
2023-03-27 18:39:17.801 [info] > git config --get commit.template [7ms]
2023-03-27 18:39:17.801 [info] > git for-each-ref --format=%(refname)%00%(upstream:short)%00%(objectname)%00%(upstream:track)%00%(upstream:remotename)%00%(upstream:remoteref) refs/heads/rama1 refs/remotes/rama1 [1ms]
2023-03-27 18:39:17.809 [info] > git status -z -uall [2ms]
2023-03-27 18:39:54.068 [info] > git config --get commit.template [6ms]
2023-03-27 18:39:54.069 [info] > git for-each-ref --format=%(refname)%00%(upstream:short)%00%(objectname)%00%(upstream:track)%00%(upstream:remotename)%00%(upstream:remoteref) refs/heads/rama1 refs/remotes/rama1 [2ms]
2023-03-27 18:39:54.075 [info] > git status -z -uall [1ms]
2023-03-27 18:40:13.616 [info] > git config --get commit.template [19ms]
2023-03-27 18:40:13.620 [info] > git for-each-ref --format=%(refname)%00%(upstream:short)%00%(objectname)%00%(upstream:track)%00%(upstream:remotename)%00%(upstream:remoteref) refs/heads/rama1 refs/remotes/rama1 [5ms]
2023-03-27 18:40:13.639 [info] > git status -z -uall [4ms]
2023-03-27 18:40:54.061 [info] > git config --get commit.template [7ms]
2023-03-27 18:40:54.062 [info] > git for-each-ref --format=%(refname)%00%(upstream:short)%00%(objectname)%00%(upstream:track)%00%(upstream:remotename)%00%(upstream:remoteref) refs/heads/rama1 refs/remotes/rama1 [2ms]
2023-03-27 18:40:54.069 [info] > git status -z -uall [1ms]
2023-03-27 18:41:17.847 [info] > git config --get commit.template [6ms]
2023-03-27 18:41:17.847 [info] > git for-each-ref --format=%(refname)%00%(upstream:short)%00%(objectname)%00%(upstream:track)%00%(upstream:remotename)%00%(upstream:remoteref) refs/heads/rama1 refs/remotes/rama1 [1ms]
2023-03-27 18:41:17.856 [info] > git status -z -uall [1ms]
2023-03-27 18:41:22.871 [info] > git config --get commit.template [9ms]
2023-03-27 18:41:22.872 [info] > git for-each-ref --format=%(refname)%00%(upstream:short)%00%(objectname)%00%(upstream:track)%00%(upstream:remotename)%00%(upstream:remoteref) refs/heads/rama1 refs/remotes/rama1 [2ms]
2023-03-27 18:41:22.878 [info] > git status -z -uall [1ms]
2023-03-27 18:41:27.927 [info] > git config --get commit.template [20ms]
2023-03-27 18:41:27.929 [info] > git for-each-ref --format=%(refname)%00%(upstream:short)%00%(objectname)%00%(upstream:track)%00%(upstream:remotename)%00%(upstream:remoteref) refs/heads/rama1 refs/remotes/rama1 [3ms]
2023-03-27 18:41:27.947 [info] > git status -z -uall [5ms]
2023-03-27 18:55:19.331 [info] > git config --get commit.template [11ms]
2023-03-27 18:55:19.332 [info] > git for-each-ref --format=%(refname)%00%(upstream:short)%00%(objectname)%00%(upstream:track)%00%(upstream:remotename)%00%(upstream:remoteref) refs/heads/rama1 refs/remotes/rama1 [1ms]
2023-03-27 18:55:19.341 [info] > git status -z -uall [2ms]
2023-03-27 18:58:15.800 [info] > git config --get commit.template [7ms]
2023-03-27 18:58:15.800 [info] > git for-each-ref --format=%(refname)%00%(upstream:short)%00%(objectname)%00%(upstream:track)%00%(upstream:remotename)%00%(upstream:remoteref) refs/heads/rama1 refs/remotes/rama1 [1ms]
2023-03-27 18:58:15.810 [info] > git status -z -uall [1ms]
2023-03-27 18:58:47.471 [info] > git config --get commit.template [8ms]
2023-03-27 18:58:47.472 [info] > git for-each-ref --format=%(refname)%00%(upstream:short)%00%(objectname)%00%(upstream:track)%00%(upstream:remotename)%00%(upstream:remoteref) refs/heads/rama1 refs/remotes/rama1 [2ms]
2023-03-27 18:58:47.480 [info] > git status -z -uall [2ms]
2023-03-27 18:59:38.307 [info] > git config --get commit.template [8ms]
2023-03-27 18:59:38.308 [info] > git for-each-ref --format=%(refname)%00%(upstream:short)%00%(objectname)%00%(upstream:track)%00%(upstream:remotename)%00%(upstream:remoteref) refs/heads/rama1 refs/remotes/rama1 [2ms]
2023-03-27 18:59:38.315 [info] > git status -z -uall [2ms]
2023-03-27 19:01:01.104 [info] > git config --get commit.template [10ms]
2023-03-27 19:01:01.105 [info] > git for-each-ref --format=%(refname)%00%(upstream:short)%00%(objectname)%00%(upstream:track)%00%(upstream:remotename)%00%(upstream:remoteref) refs/heads/rama1 refs/remotes/rama1 [2ms]
2023-03-27 19:01:01.116 [info] > git status -z -uall [2ms]
2023-03-27 19:01:10.864 [info] > git config --get commit.template [12ms]
2023-03-27 19:01:10.865 [info] > git for-each-ref --format=%(refname)%00%(upstream:short)%00%(objectname)%00%(upstream:track)%00%(upstream:remotename)%00%(upstream:remoteref) refs/heads/rama1 refs/remotes/rama1 [3ms]
2023-03-27 19:01:10.879 [info] > git status -z -uall [3ms]
2023-03-27 19:02:30.417 [info] > git config --get commit.template [22ms]
2023-03-27 19:02:30.419 [info] > git for-each-ref --format=%(refname)%00%(upstream:short)%00%(objectname)%00%(upstream:track)%00%(upstream:remotename)%00%(upstream:remoteref) refs/heads/rama1 refs/remotes/rama1 [4ms]
2023-03-27 19:02:30.437 [info] > git status -z -uall [3ms]
2023-03-27 19:03:24.538 [info] > git config --get commit.template [10ms]
2023-03-27 19:03:24.539 [info] > git for-each-ref --format=%(refname)%00%(upstream:short)%00%(objectname)%00%(upstream:track)%00%(upstream:remotename)%00%(upstream:remoteref) refs/heads/rama1 refs/remotes/rama1 [2ms]
2023-03-27 19:03:24.550 [info] > git status -z -uall [2ms]
2023-03-27 19:03:30.242 [info] > git config --get commit.template [8ms]
2023-03-27 19:03:30.243 [info] > git for-each-ref --format=%(refname)%00%(upstream:short)%00%(objectname)%00%(upstream:track)%00%(upstream:remotename)%00%(upstream:remoteref) refs/heads/rama1 refs/remotes/rama1 [2ms]
2023-03-27 19:03:30.251 [info] > git status -z -uall [2ms]
2023-03-27 19:03:54.171 [info] > git config --get commit.template [2ms]
2023-03-27 19:03:54.182 [info] > git for-each-ref --format=%(refname)%00%(upstream:short)%00%(objectname)%00%(upstream:track)%00%(upstream:remotename)%00%(upstream:remoteref) refs/heads/rama1 refs/remotes/rama1 [2ms]
2023-03-27 19:03:54.194 [info] > git status -z -uall [3ms]
2023-03-27 19:04:18.079 [info] > git config --get commit.template [7ms]
2023-03-27 19:04:18.080 [info] > git for-each-ref --format=%(refname)%00%(upstream:short)%00%(objectname)%00%(upstream:track)%00%(upstream:remotename)%00%(upstream:remoteref) refs/heads/rama1 refs/remotes/rama1 [1ms]
2023-03-27 19:04:18.088 [info] > git status -z -uall [2ms]
2023-03-27 19:04:40.105 [info] > git config --get commit.template [9ms]
2023-03-27 19:04:40.106 [info] > git for-each-ref --format=%(refname)%00%(upstream:short)%00%(objectname)%00%(upstream:track)%00%(upstream:remotename)%00%(upstream:remoteref) refs/heads/rama1 refs/remotes/rama1 [2ms]
2023-03-27 19:04:40.115 [info] > git status -z -uall [2ms]
2023-03-27 19:06:18.846 [info] > git config --get commit.template [1ms]
2023-03-27 19:06:18.852 [info] > git for-each-ref --format=%(refname)%00%(upstream:short)%00%(objectname)%00%(upstream:track)%00%(upstream:remotename)%00%(upstream:remoteref) refs/heads/rama1 refs/remotes/rama1 [1ms]
2023-03-27 19:06:18.857 [info] > git status -z -uall [1ms]
2023-03-27 19:06:28.625 [info] > git config --get commit.template [5ms]
2023-03-27 19:06:28.626 [info] > git for-each-ref --format=%(refname)%00%(upstream:short)%00%(objectname)%00%(upstream:track)%00%(upstream:remotename)%00%(upstream:remoteref) refs/heads/rama1 refs/remotes/rama1 [0ms]
2023-03-27 19:06:28.632 [info] > git status -z -uall [1ms]
2023-03-27 19:06:37.832 [info] > git config --get commit.template [33ms]
2023-03-27 19:06:37.834 [info] > git for-each-ref --format=%(refname)%00%(upstream:short)%00%(objectname)%00%(upstream:track)%00%(upstream:remotename)%00%(upstream:remoteref) refs/heads/rama1 refs/remotes/rama1 [6ms]
2023-03-27 19:06:37.853 [info] > git status -z -uall [8ms]
2023-03-27 19:06:42.869 [info] > git config --get commit.template [6ms]
2023-03-27 19:06:42.870 [info] > git for-each-ref --format=%(refname)%00%(upstream:short)%00%(objectname)%00%(upstream:track)%00%(upstream:remotename)%00%(upstream:remoteref) refs/heads/rama1 refs/remotes/rama1 [2ms]
2023-03-27 19:06:42.875 [info] > git status -z -uall [1ms]
2023-03-27 19:06:47.890 [info] > git config --get commit.template [5ms]
2023-03-27 19:06:47.890 [info] > git for-each-ref --format=%(refname)%00%(upstream:short)%00%(objectname)%00%(upstream:track)%00%(upstream:remotename)%00%(upstream:remoteref) refs/heads/rama1 refs/remotes/rama1 [1ms]
2023-03-27 19:06:47.897 [info] > git status -z -uall [1ms]
2023-03-27 19:07:52.671 [info] > git config --get commit.template [7ms]
2023-03-27 19:07:52.672 [info] > git for-each-ref --format=%(refname)%00%(upstream:short)%00%(objectname)%00%(upstream:track)%00%(upstream:remotename)%00%(upstream:remoteref) refs/heads/rama1 refs/remotes/rama1 [1ms]
2023-03-27 19:07:52.681 [info] > git status -z -uall [2ms]
2023-03-27 19:09:26.212 [info] > git config --get commit.template [6ms]
2023-03-27 19:09:26.212 [info] > git for-each-ref --format=%(refname)%00%(upstream:short)%00%(objectname)%00%(upstream:track)%00%(upstream:remotename)%00%(upstream:remoteref) refs/heads/rama1 refs/remotes/rama1 [1ms]
2023-03-27 19:09:26.218 [info] > git status -z -uall [2ms]
2023-03-27 19:09:31.231 [info] > git config --get commit.template [5ms]
2023-03-27 19:09:31.231 [info] > git for-each-ref --format=%(refname)%00%(upstream:short)%00%(objectname)%00%(upstream:track)%00%(upstream:remotename)%00%(upstream:remoteref) refs/heads/rama1 refs/remotes/rama1 [1ms]
2023-03-27 19:09:31.240 [info] > git status -z -uall [2ms]
2023-03-27 19:09:57.197 [info] > git config --get commit.template [5ms]
2023-03-27 19:09:57.198 [info] > git for-each-ref --format=%(refname)%00%(upstream:short)%00%(objectname)%00%(upstream:track)%00%(upstream:remotename)%00%(upstream:remoteref) refs/heads/rama1 refs/remotes/rama1 [1ms]
2023-03-27 19:09:57.204 [info] > git status -z -uall [2ms]
2023-03-27 19:10:52.513 [info] > git config --get commit.template [5ms]
2023-03-27 19:10:52.513 [info] > git for-each-ref --format=%(refname)%00%(upstream:short)%00%(objectname)%00%(upstream:track)%00%(upstream:remotename)%00%(upstream:remoteref) refs/heads/rama1 refs/remotes/rama1 [1ms]
2023-03-27 19:10:52.519 [info] > git status -z -uall [1ms]
2023-03-27 19:10:57.530 [info] > git config --get commit.template [5ms]
2023-03-27 19:10:57.531 [info] > git for-each-ref --format=%(refname)%00%(upstream:short)%00%(objectname)%00%(upstream:track)%00%(upstream:remotename)%00%(upstream:remoteref) refs/heads/rama1 refs/remotes/rama1 [1ms]
2023-03-27 19:10:57.536 [info] > git status -z -uall [1ms]
2023-03-27 19:12:02.483 [info] > git config --get commit.template [5ms]
2023-03-27 19:12:02.484 [info] > git for-each-ref --format=%(refname)%00%(upstream:short)%00%(objectname)%00%(upstream:track)%00%(upstream:remotename)%00%(upstream:remoteref) refs/heads/rama1 refs/remotes/rama1 [0ms]
2023-03-27 19:12:02.488 [info] > git status -z -uall [1ms]
2023-03-27 19:12:02.586 [info] > git ls-files --stage -- /home/rocio/code/03-Sorting/bubblesort.js [6ms]
2023-03-27 19:12:02.592 [info] > git cat-file -s d2a0988f172692552a288ed1f6b2d8e781218c17 [1ms]
2023-03-27 19:12:02.593 [info] > git ls-files --stage -- /home/rocio/code/03-Sorting/bubblesort.spec.js [7ms]
2023-03-27 19:12:02.605 [info] > git cat-file -s 6cb79ca2fe1d137535f512ede003ba38ef13e8a9 [6ms]
2023-03-27 19:12:02.606 [info] > git show --textconv :bubblesort.js [1ms]
2023-03-27 19:12:02.615 [info] > git show --textconv :bubblesort.spec.js [1ms]
2023-03-27 19:13:00.644 [info] > git config --get commit.template [1ms]
2023-03-27 19:13:00.650 [info] > git for-each-ref --format=%(refname)%00%(upstream:short)%00%(objectname)%00%(upstream:track)%00%(upstream:remotename)%00%(upstream:remoteref) refs/heads/rama1 refs/remotes/rama1 [1ms]
2023-03-27 19:13:00.656 [info] > git status -z -uall [1ms]
2023-03-27 19:13:00.750 [info] > git ls-files --stage -- /home/rocio/code/03-Sorting/bubblesort.js [6ms]
2023-03-27 19:13:00.757 [info] > git ls-files --stage -- /home/rocio/code/03-Sorting/bubblesort.spec.js [7ms]
2023-03-27 19:13:00.763 [info] > git cat-file -s d2a0988f172692552a288ed1f6b2d8e781218c17 [6ms]
2023-03-27 19:13:00.763 [info] > git cat-file -s 6cb79ca2fe1d137535f512ede003ba38ef13e8a9 [1ms]
2023-03-27 19:13:00.775 [info] > git show --textconv :bubblesort.js [7ms]
2023-03-27 19:13:00.776 [info] > git show --textconv :bubblesort.spec.js [2ms]
2023-03-27 19:13:16.480 [info] > git config --get commit.template [5ms]
2023-03-27 19:13:16.481 [info] > git for-each-ref --format=%(refname)%00%(upstream:short)%00%(objectname)%00%(upstream:track)%00%(upstream:remotename)%00%(upstream:remoteref) refs/heads/main refs/remotes/main [1ms]
2023-03-27 19:13:16.487 [info] > git status -z -uall [1ms]
2023-03-27 19:13:16.580 [info] > git ls-files --stage -- /home/rocio/code/03-Sorting/bubblesort.js [5ms]
2023-03-27 19:13:16.586 [info] > git ls-files --stage -- /home/rocio/code/03-Sorting/bubblesort.spec.js [5ms]
2023-03-27 19:13:16.591 [info] > git cat-file -s 102165185e808a0283f8853c61744366427526cd [6ms]
2023-03-27 19:13:16.592 [info] > git cat-file -s 2e2f404274834d232f1134317e5af92c7b64d358 [1ms]
2023-03-27 19:13:16.603 [info] > git show --textconv :bubblesort.js [7ms]
2023-03-27 19:13:16.604 [info] > git show --textconv :bubblesort.spec.js [2ms]
2023-03-27 19:14:57.158 [info] > git config --get commit.template [2ms]
2023-03-27 19:14:57.164 [info] > git for-each-ref --format=%(refname)%00%(upstream:short)%00%(objectname)%00%(upstream:track)%00%(upstream:remotename)%00%(upstream:remoteref) refs/heads/main refs/remotes/main [1ms]
2023-03-27 19:14:57.171 [info] > git status -z -uall [1ms]
2023-03-27 19:15:34.365 [info] > git config --get commit.template [4ms]
2023-03-27 19:15:34.365 [info] > git for-each-ref --format=%(refname)%00%(upstream:short)%00%(objectname)%00%(upstream:track)%00%(upstream:remotename)%00%(upstream:remoteref) refs/heads/main refs/remotes/main [1ms]
2023-03-27 19:15:34.371 [info] > git status -z -uall [2ms]
2023-03-27 19:15:34.466 [info] > git ls-files --stage -- /home/rocio/code/03-Sorting/bubblesort.js [6ms]
2023-03-27 19:15:34.471 [info] > git ls-files --stage -- /home/rocio/code/03-Sorting/bubblesort.spec.js [6ms]
2023-03-27 19:15:34.475 [info] > git cat-file -s 102165185e808a0283f8853c61744366427526cd [5ms]
2023-03-27 19:15:34.475 [info] > git cat-file -s 1ecfa2a9ec3d4cefdce2e0d18ecd4651cc051f86 [1ms]
2023-03-27 19:15:34.488 [info] > git show --textconv :bubblesort.js [5ms]
2023-03-27 19:15:34.489 [info] > git show --textconv :bubblesort.spec.js [1ms]
2023-03-27 19:16:09.652 [info] > git config --get commit.template [5ms]
2023-03-27 19:16:09.652 [info] > git for-each-ref --format=%(refname)%00%(upstream:short)%00%(objectname)%00%(upstream:track)%00%(upstream:remotename)%00%(upstream:remoteref) refs/heads/main refs/remotes/main [1ms]
2023-03-27 19:16:09.657 [info] > git status -z -uall [1ms]
2023-03-27 19:16:09.752 [info] > git ls-files --stage -- /home/rocio/code/03-Sorting/bubblesort.js [5ms]
2023-03-27 19:16:09.757 [info] > git ls-files --stage -- /home/rocio/code/03-Sorting/bubblesort.spec.js [4ms]
2023-03-27 19:16:09.761 [info] > git cat-file -s 102165185e808a0283f8853c61744366427526cd [5ms]
2023-03-27 19:16:09.762 [info] > git cat-file -s 1ecfa2a9ec3d4cefdce2e0d18ecd4651cc051f86 [2ms]
2023-03-27 19:16:09.773 [info] > git show --textconv :bubblesort.js [6ms]
2023-03-27 19:16:09.773 [info] > git show --textconv :bubblesort.spec.js [1ms]
2023-03-27 19:16:17.154 [info] > git config --get commit.template [4ms]
2023-03-27 19:16:17.155 [info] > git for-each-ref --format=%(refname)%00%(upstream:short)%00%(objectname)%00%(upstream:track)%00%(upstream:remotename)%00%(upstream:remoteref) refs/heads/rama1 refs/remotes/rama1 [1ms]
2023-03-27 19:16:17.160 [info] > git status -z -uall [2ms]
2023-03-27 19:16:17.254 [info] > git ls-files --stage -- /home/rocio/code/03-Sorting/bubblesort.js [5ms]
2023-03-27 19:16:17.259 [info] > git ls-files --stage -- /home/rocio/code/03-Sorting/bubblesort.spec.js [5ms]
2023-03-27 19:16:17.265 [info] > git cat-file -s d2a0988f172692552a288ed1f6b2d8e781218c17 [7ms]
2023-03-27 19:16:17.265 [info] > git cat-file -s 6cb79ca2fe1d137535f512ede003ba38ef13e8a9 [1ms]
2023-03-27 19:16:17.275 [info] > git show --textconv :bubblesort.js [5ms]
2023-03-27 19:16:17.276 [info] > git show --textconv :bubblesort.spec.js [2ms]
2023-03-27 19:16:32.202 [info] > git config --get commit.template [5ms]
2023-03-27 19:16:32.202 [info] > git for-each-ref --format=%(refname)%00%(upstream:short)%00%(objectname)%00%(upstream:track)%00%(upstream:remotename)%00%(upstream:remoteref) refs/heads/rama1 refs/remotes/rama1 [0ms]
2023-03-27 19:16:32.208 [info] > git status -z -uall [1ms]
2023-03-27 19:16:32.302 [info] > git ls-files --stage -- /home/rocio/code/03-Sorting/bubblesort.js [5ms]
2023-03-27 19:16:32.307 [info] > git ls-files --stage -- /home/rocio/code/03-Sorting/bubblesort.spec.js [5ms]
2023-03-27 19:16:32.312 [info] > git cat-file -s d2a0988f172692552a288ed1f6b2d8e781218c17 [6ms]
2023-03-27 19:16:32.313 [info] > git cat-file -s 6cb79ca2fe1d137535f512ede003ba38ef13e8a9 [1ms]
2023-03-27 19:16:32.323 [info] > git show --textconv :bubblesort.js [5ms]
2023-03-27 19:16:32.324 [info] > git show --textconv :bubblesort.spec.js [1ms]
2023-03-27 19:16:59.608 [info] > git show --textconv :mergesort.js [5ms]
2023-03-27 19:16:59.609 [info] > git ls-files --stage -- /home/rocio/code/03-Sorting/mergesort.js [2ms]
2023-03-27 19:16:59.615 [info] > git cat-file -s e69de29bb2d1d6434b8b29ae775ad8c2e48c5391 [1ms]
2023-03-27 19:17:16.207 [info] > git show --textconv :bubblesort.spec.js [5ms]
2023-03-27 19:17:16.208 [info] > git ls-files --stage -- /home/rocio/code/03-Sorting/bubblesort.spec.js [1ms]
2023-03-27 19:17:16.214 [info] > git cat-file -s 6cb79ca2fe1d137535f512ede003ba38ef13e8a9 [1ms]
2023-03-27 19:17:36.558 [info] > git config --get commit.template [7ms]
2023-03-27 19:17:36.559 [info] > git for-each-ref --format=%(refname)%00%(upstream:short)%00%(objectname)%00%(upstream:track)%00%(upstream:remotename)%00%(upstream:remoteref) refs/heads/main refs/remotes/main [1ms]
2023-03-27 19:17:36.564 [info] > git status -z -uall [1ms]
2023-03-27 19:17:36.665 [info] > git ls-files --stage -- /home/rocio/code/03-Sorting/mergesort.js [5ms]
2023-03-27 19:17:36.669 [info] > git ls-files --stage -- /home/rocio/code/03-Sorting/bubblesort.js [15ms]
2023-03-27 19:17:36.676 [info] > git cat-file -s e69de29bb2d1d6434b8b29ae775ad8c2e48c5391 [7ms]
2023-03-27 19:17:36.676 [info] > git ls-files --stage -- /home/rocio/code/03-Sorting/bubblesort.spec.js [11ms]
2023-03-27 19:17:36.681 [info] > git cat-file -s 102165185e808a0283f8853c61744366427526cd [6ms]
2023-03-27 19:17:36.686 [info] > git cat-file -s 1ecfa2a9ec3d4cefdce2e0d18ecd4651cc051f86 [6ms]
2023-03-27 19:17:36.693 [info] > git show --textconv :mergesort.js [7ms]
2023-03-27 19:17:36.699 [info] > git show --textconv :bubblesort.js [6ms]
2023-03-27 19:17:36.699 [info] > git show --textconv :bubblesort.spec.js [1ms]
2023-03-27 19:18:04.476 [info] > git config --get commit.template [5ms]
2023-03-27 19:18:04.476 [info] > git for-each-ref --format=%(refname)%00%(upstream:short)%00%(objectname)%00%(upstream:track)%00%(upstream:remotename)%00%(upstream:remoteref) refs/heads/main refs/remotes/main [1ms]
2023-03-27 19:18:04.483 [info] > git status -z -uall [1ms]
2023-03-27 19:19:11.181 [info] > git config --get commit.template [5ms]
2023-03-27 19:19:11.182 [info] > git for-each-ref --format=%(refname)%00%(upstream:short)%00%(objectname)%00%(upstream:track)%00%(upstream:remotename)%00%(upstream:remoteref) refs/heads/main refs/remotes/main [1ms]
2023-03-27 19:19:11.188 [info] > git status -z -uall [1ms]
2023-03-27 20:29:57.293 [info] > git config --get commit.template [4ms]
2023-03-27 20:29:57.293 [info] > git for-each-ref --format=%(refname)%00%(upstream:short)%00%(objectname)%00%(upstream:track)%00%(upstream:remotename)%00%(upstream:remoteref) refs/heads/main refs/remotes/main [1ms]
2023-03-27 20:29:57.301 [info] > git status -z -uall [2ms]
2023-03-27 20:41:53.793 [info] > git config --get commit.template [15ms]
2023-03-27 20:41:53.795 [info] > git for-each-ref --format=%(refname)%00%(upstream:short)%00%(objectname)%00%(upstream:track)%00%(upstream:remotename)%00%(upstream:remoteref) refs/heads/main refs/remotes/main [2ms]
2023-03-27 20:41:53.804 [info] > git status -z -uall [2ms]
2023-03-27 20:41:53.900 [info] > git ls-files --stage -- /home/rocio/code/03-Sorting/bubblesort.js [16ms]
2023-03-27 20:41:53.910 [info] > git cat-file -s 102165185e808a0283f8853c61744366427526cd [2ms]
2023-03-27 20:41:53.911 [info] > git ls-files --stage -- /home/rocio/code/03-Sorting/bubblesort.spec.js [13ms]
2023-03-27 20:41:53.929 [info] > git cat-file -s 1ecfa2a9ec3d4cefdce2e0d18ecd4651cc051f86 [10ms]
2023-03-27 20:41:53.930 [info] > git show --textconv :bubblesort.js [2ms]
2023-03-27 20:41:53.945 [info] > git show --textconv :bubblesort.spec.js [2ms]
2023-03-27 20:41:59.482 [info] > git config --get commit.template [3ms]
2023-03-27 20:41:59.497 [info] > git for-each-ref --format=%(refname)%00%(upstream:short)%00%(objectname)%00%(upstream:track)%00%(upstream:remotename)%00%(upstream:remoteref) refs/heads/main refs/remotes/main [2ms]
2023-03-27 20:41:59.511 [info] > git status -z -uall [4ms]
2023-03-27 20:41:59.581 [info] > git ls-files --stage -- /home/rocio/code/03-Sorting/bubblesort.js [9ms]
2023-03-27 20:41:59.586 [info] > git ls-files --stage -- /home/rocio/code/03-Sorting/bubblesort.spec.js [6ms]
2023-03-27 20:41:59.592 [info] > git cat-file -s 102165185e808a0283f8853c61744366427526cd [7ms]
2023-03-27 20:41:59.593 [info] > git cat-file -s 66b0aada12ecbdf99893d80b8f3f639af03354b0 [1ms]
2023-03-27 20:41:59.603 [info] > git show --textconv :bubblesort.js [5ms]
2023-03-27 20:41:59.604 [info] > git show --textconv :bubblesort.spec.js [1ms]
2023-03-27 20:42:01.785 [info] > git ls-files --stage -- /home/rocio/code/03-Sorting/bubblesort.js [14ms]
2023-03-27 20:42:01.796 [info] > git ls-files --stage -- /home/rocio/code/03-Sorting/bubblesort.spec.js [12ms]
2023-03-27 20:42:01.804 [info] > git cat-file -s 102165185e808a0283f8853c61744366427526cd [9ms]
2023-03-27 20:42:01.805 [info] > git cat-file -s 66b0aada12ecbdf99893d80b8f3f639af03354b0 [3ms]
2023-03-27 20:42:01.819 [info] > git show --textconv :bubblesort.js [6ms]
2023-03-27 20:42:01.819 [info] > git show --textconv :bubblesort.spec.js [1ms]
2023-03-27 20:42:04.549 [info] > git config --get commit.template [15ms]
2023-03-27 20:42:04.551 [info] > git for-each-ref --format=%(refname)%00%(upstream:short)%00%(objectname)%00%(upstream:track)%00%(upstream:remotename)%00%(upstream:remoteref) refs/heads/main refs/remotes/main [3ms]
2023-03-27 20:42:04.561 [info] > git status -z -uall [2ms]
2023-03-27 20:42:09.045 [info] > git ls-files --stage -- /home/rocio/code/03-Sorting/bubblesort.js [11ms]
2023-03-27 20:42:09.054 [info] > git ls-files --stage -- /home/rocio/code/03-Sorting/bubblesort.spec.js [9ms]
2023-03-27 20:42:09.063 [info] > git cat-file -s d2a0988f172692552a288ed1f6b2d8e781218c17 [11ms]
2023-03-27 20:42:09.064 [info] > git cat-file -s 6cb79ca2fe1d137535f512ede003ba38ef13e8a9 [1ms]
2023-03-27 20:42:09.084 [info] > git show --textconv :bubblesort.js [9ms]
2023-03-27 20:42:09.085 [info] > git show --textconv :bubblesort.spec.js [1ms]
2023-03-27 20:42:09.593 [info] > git config --get commit.template [12ms]
2023-03-27 20:42:09.595 [info] > git for-each-ref --format=%(refname)%00%(upstream:short)%00%(objectname)%00%(upstream:track)%00%(upstream:remotename)%00%(upstream:remoteref) refs/heads/rama1 refs/remotes/rama1 [1ms]
2023-03-27 20:42:09.604 [info] > git status -z -uall [2ms]
2023-03-27 20:43:16.575 [info] > git config --get commit.template [12ms]
2023-03-27 20:43:16.576 [info] > git for-each-ref --format=%(refname)%00%(upstream:short)%00%(objectname)%00%(upstream:track)%00%(upstream:remotename)%00%(upstream:remoteref) refs/heads/rama1 refs/remotes/rama1 [3ms]
2023-03-27 20:43:16.588 [info] > git status -z -uall [4ms]
2023-03-27 20:45:31.898 [info] > git config --get commit.template [10ms]
2023-03-27 20:45:31.899 [info] > git for-each-ref --format=%(refname)%00%(upstream:short)%00%(objectname)%00%(upstream:track)%00%(upstream:remotename)%00%(upstream:remoteref) refs/heads/rama1 refs/remotes/rama1 [2ms]
2023-03-27 20:45:31.911 [info] > git status -z -uall [3ms]
2023-03-27 20:45:47.763 [info] > git config --get commit.template [9ms]
2023-03-27 20:45:47.764 [info] > git for-each-ref --format=%(refname)%00%(upstream:short)%00%(objectname)%00%(upstream:track)%00%(upstream:remotename)%00%(upstream:remoteref) refs/heads/rama1 refs/remotes/rama1 [2ms]
2023-03-27 20:45:47.772 [info] > git status -z -uall [1ms]
2023-03-27 20:47:36.408 [info] > git config --get commit.template [1ms]
2023-03-27 20:47:36.416 [info] > git for-each-ref --format=%(refname)%00%(upstream:short)%00%(objectname)%00%(upstream:track)%00%(upstream:remotename)%00%(upstream:remoteref) refs/heads/rama1 refs/remotes/rama1 [1ms]
2023-03-27 20:47:36.425 [info] > git status -z -uall [3ms]
2023-03-27 20:49:04.960 [info] > git config --get commit.template [28ms]
2023-03-27 20:49:04.963 [info] > git for-each-ref --format=%(refname)%00%(upstream:short)%00%(objectname)%00%(upstream:track)%00%(upstream:remotename)%00%(upstream:remoteref) refs/heads/rama1 refs/remotes/rama1 [5ms]
2023-03-27 20:49:04.994 [info] > git status -z -uall [7ms]
2023-03-27 20:49:10.020 [info] > git config --get commit.template [10ms]
2023-03-27 20:49:10.021 [info] > git for-each-ref --format=%(refname)%00%(upstream:short)%00%(objectname)%00%(upstream:track)%00%(upstream:remotename)%00%(upstream:remoteref) refs/heads/rama1 refs/remotes/rama1 [2ms]
2023-03-27 20:49:10.029 [info] > git status -z -uall [2ms]
2023-03-27 20:53:51.993 [info] > git config --get commit.template [9ms]
2023-03-27 20:53:51.994 [info] > git for-each-ref --format=%(refname)%00%(upstream:short)%00%(objectname)%00%(upstream:track)%00%(upstream:remotename)%00%(upstream:remoteref) refs/heads/rama1 refs/remotes/rama1 [2ms]
2023-03-27 20:53:52.003 [info] > git status -z -uall [2ms]
2023-03-27 21:00:48.368 [info] > git config --get commit.template [1ms]
2023-03-27 21:00:48.381 [info] > git for-each-ref --format=%(refname)%00%(upstream:short)%00%(objectname)%00%(upstream:track)%00%(upstream:remotename)%00%(upstream:remoteref) refs/heads/rama1 refs/remotes/rama1 [1ms]
2023-03-27 21:00:48.392 [info] > git status -z -uall [2ms]
2023-03-27 21:01:08.870 [info] > git config --get commit.template [6ms]
2023-03-27 21:01:08.870 [info] > git for-each-ref --format=%(refname)%00%(upstream:short)%00%(objectname)%00%(upstream:track)%00%(upstream:remotename)%00%(upstream:remoteref) refs/heads/rama1 refs/remotes/rama1 [1ms]
2023-03-27 21:01:08.878 [info] > git status -z -uall [2ms]
2023-03-27 21:01:19.814 [info] > git config --get commit.template [6ms]
2023-03-27 21:01:19.815 [info] > git for-each-ref --format=%(refname)%00%(upstream:short)%00%(objectname)%00%(upstream:track)%00%(upstream:remotename)%00%(upstream:remoteref) refs/heads/rama1 refs/remotes/rama1 [2ms]
2023-03-27 21:01:19.822 [info] > git status -z -uall [2ms]
2023-03-27 21:01:57.349 [info] > git config --get commit.template [7ms]
2023-03-27 21:01:57.349 [info] > git for-each-ref --format=%(refname)%00%(upstream:short)%00%(objectname)%00%(upstream:track)%00%(upstream:remotename)%00%(upstream:remoteref) refs/heads/rama1 refs/remotes/rama1 [1ms]
2023-03-27 21:01:57.358 [info] > git status -z -uall [2ms]
2023-03-27 21:02:40.899 [info] > git config --get commit.template [5ms]
2023-03-27 21:02:40.900 [info] > git for-each-ref --format=%(refname)%00%(upstream:short)%00%(objectname)%00%(upstream:track)%00%(upstream:remotename)%00%(upstream:remoteref) refs/heads/rama1 refs/remotes/rama1 [1ms]
2023-03-27 21:02:40.908 [info] > git status -z -uall [1ms]
2023-03-27 21:02:45.926 [info] > git config --get commit.template [8ms]
2023-03-27 21:02:45.926 [info] > git for-each-ref --format=%(refname)%00%(upstream:short)%00%(objectname)%00%(upstream:track)%00%(upstream:remotename)%00%(upstream:remoteref) refs/heads/rama1 refs/remotes/rama1 [1ms]
2023-03-27 21:02:45.934 [info] > git status -z -uall [2ms]
2023-03-27 21:03:30.564 [info] > git config --get commit.template [7ms]
2023-03-27 21:03:30.565 [info] > git for-each-ref --format=%(refname)%00%(upstream:short)%00%(objectname)%00%(upstream:track)%00%(upstream:remotename)%00%(upstream:remoteref) refs/heads/rama1 refs/remotes/rama1 [1ms]
2023-03-27 21:03:30.574 [info] > git status -z -uall [2ms]
2023-03-27 21:03:37.878 [info] > git config --get commit.template [14ms]
2023-03-27 21:03:37.879 [info] > git for-each-ref --format=%(refname)%00%(upstream:short)%00%(objectname)%00%(upstream:track)%00%(upstream:remotename)%00%(upstream:remoteref) refs/heads/rama1 refs/remotes/rama1 [3ms]
2023-03-27 21:03:37.894 [info] > git status -z -uall [3ms]
2023-03-27 21:07:28.186 [info] > git config --get commit.template [6ms]
2023-03-27 21:07:28.187 [info] > git for-each-ref --format=%(refname)%00%(upstream:short)%00%(objectname)%00%(upstream:track)%00%(upstream:remotename)%00%(upstream:remoteref) refs/heads/rama1 refs/remotes/rama1 [2ms]
2023-03-27 21:07:28.196 [info] > git status -z -uall [1ms]
2023-03-27 21:07:43.362 [info] > git config --get commit.template [11ms]
2023-03-27 21:07:43.363 [info] > git for-each-ref --format=%(refname)%00%(upstream:short)%00%(objectname)%00%(upstream:track)%00%(upstream:remotename)%00%(upstream:remoteref) refs/heads/rama1 refs/remotes/rama1 [2ms]
2023-03-27 21:07:43.373 [info] > git status -z -uall [2ms]
2023-03-27 21:13:31.283 [info] > git config --get commit.template [7ms]
2023-03-27 21:13:31.284 [info] > git for-each-ref --format=%(refname)%00%(upstream:short)%00%(objectname)%00%(upstream:track)%00%(upstream:remotename)%00%(upstream:remoteref) refs/heads/rama1 refs/remotes/rama1 [1ms]
2023-03-27 21:13:31.292 [info] > git status -z -uall [2ms]
2023-03-27 21:13:36.302 [info] > git config --get commit.template [1ms]
2023-03-27 21:13:36.312 [info] > git for-each-ref --format=%(refname)%00%(upstream:short)%00%(objectname)%00%(upstream:track)%00%(upstream:remotename)%00%(upstream:remoteref) refs/heads/rama1 refs/remotes/rama1 [1ms]
2023-03-27 21:13:36.320 [info] > git status -z -uall [1ms]
2023-03-27 23:48:34.939 [info] > git show --textconv :mergesort.js [16ms]
2023-03-27 23:48:34.940 [info] > git ls-files --stage -- /home/rocio/code/03-Sorting/mergesort.js [2ms]
2023-03-27 23:48:34.952 [info] > git cat-file -s e69de29bb2d1d6434b8b29ae775ad8c2e48c5391 [2ms]
2023-03-27 23:48:37.403 [info] > git show --textconv :mergesort.spec.js [12ms]
2023-03-27 23:48:37.404 [info] > git ls-files --stage -- /home/rocio/code/03-Sorting/mergesort.spec.js [2ms]
2023-03-27 23:48:37.413 [info] > git cat-file -s e69de29bb2d1d6434b8b29ae775ad8c2e48c5391 [2ms]
2023-03-27 23:48:40.333 [info] > git config --get commit.template [12ms]
2023-03-27 23:48:40.334 [info] > git for-each-ref --format=%(refname)%00%(upstream:short)%00%(objectname)%00%(upstream:track)%00%(upstream:remotename)%00%(upstream:remoteref) refs/heads/rama1 refs/remotes/rama1 [2ms]
2023-03-27 23:48:40.343 [info] > git status -z -uall [1ms]
2023-03-27 23:48:46.341 [info] > git config --get commit.template [27ms]
2023-03-27 23:48:46.343 [info] > git for-each-ref --format=%(refname)%00%(upstream:short)%00%(objectname)%00%(upstream:track)%00%(upstream:remotename)%00%(upstream:remoteref) refs/heads/rama1 refs/remotes/rama1 [5ms]
2023-03-27 23:48:46.373 [info] > git status -z -uall [6ms]
2023-03-27 23:54:34.239 [info] > git config --get commit.template [8ms]
2023-03-27 23:54:34.239 [info] > git for-each-ref --format=%(refname)%00%(upstream:short)%00%(objectname)%00%(upstream:track)%00%(upstream:remotename)%00%(upstream:remoteref) refs/heads/rama1 refs/remotes/rama1 [1ms]
2023-03-27 23:54:34.248 [info] > git status -z -uall [2ms]
2023-03-27 23:58:49.004 [info] > git config --get commit.template [11ms]
2023-03-27 23:58:49.005 [info] > git for-each-ref --format=%(refname)%00%(upstream:short)%00%(objectname)%00%(upstream:track)%00%(upstream:remotename)%00%(upstream:remoteref) refs/heads/rama1 refs/remotes/rama1 [2ms]
2023-03-27 23:58:49.016 [info] > git status -z -uall [2ms]
2023-03-28 00:00:55.345 [info] > git config --get commit.template [7ms]
2023-03-28 00:00:55.345 [info] > git for-each-ref --format=%(refname)%00%(upstream:short)%00%(objectname)%00%(upstream:track)%00%(upstream:remotename)%00%(upstream:remoteref) refs/heads/rama1 refs/remotes/rama1 [1ms]
2023-03-28 00:00:55.353 [info] > git status -z -uall [1ms]
2023-03-28 00:01:22.983 [info] > git config --get commit.template [9ms]
2023-03-28 00:01:22.983 [info] > git for-each-ref --format=%(refname)%00%(upstream:short)%00%(objectname)%00%(upstream:track)%00%(upstream:remotename)%00%(upstream:remoteref) refs/heads/rama1 refs/remotes/rama1 [1ms]
2023-03-28 00:01:22.993 [info] > git status -z -uall [2ms]
2023-03-28 00:09:55.417 [info] > git config --get commit.template [13ms]
2023-03-28 00:09:55.418 [info] > git for-each-ref --format=%(refname)%00%(upstream:short)%00%(objectname)%00%(upstream:track)%00%(upstream:remotename)%00%(upstream:remoteref) refs/heads/rama1 refs/remotes/rama1 [3ms]
2023-03-28 00:09:55.428 [info] > git status -z -uall [2ms]
2023-03-28 00:12:23.441 [info] > git config --get commit.template [15ms]
2023-03-28 00:12:23.442 [info] > git for-each-ref --format=%(refname)%00%(upstream:short)%00%(objectname)%00%(upstream:track)%00%(upstream:remotename)%00%(upstream:remoteref) refs/heads/rama1 refs/remotes/rama1 [2ms]
2023-03-28 00:12:23.456 [info] > git status -z -uall [3ms]
2023-03-28 00:12:35.704 [info] > git config --get commit.template [7ms]
2023-03-28 00:12:35.705 [info] > git for-each-ref --format=%(refname)%00%(upstream:short)%00%(objectname)%00%(upstream:track)%00%(upstream:remotename)%00%(upstream:remoteref) refs/heads/rama1 refs/remotes/rama1 [1ms]
2023-03-28 00:12:35.713 [info] > git status -z -uall [1ms]
2023-03-28 00:12:50.637 [info] > git config --get commit.template [9ms]
2023-03-28 00:12:50.638 [info] > git for-each-ref --format=%(refname)%00%(upstream:short)%00%(objectname)%00%(upstream:track)%00%(upstream:remotename)%00%(upstream:remoteref) refs/heads/rama1 refs/remotes/rama1 [2ms]
2023-03-28 00:12:50.649 [info] > git status -z -uall [2ms]
2023-03-28 00:13:39.791 [info] > git config --get commit.template [26ms]
2023-03-28 00:13:39.795 [info] > git for-each-ref --format=%(refname)%00%(upstream:short)%00%(objectname)%00%(upstream:track)%00%(upstream:remotename)%00%(upstream:remoteref) refs/heads/rama1 refs/remotes/rama1 [7ms]
2023-03-28 00:13:39.827 [info] > git status -z -uall [7ms]
2023-03-28 00:32:45.246 [info] > git config --get commit.template [7ms]
2023-03-28 00:32:45.247 [info] > git for-each-ref --format=%(refname)%00%(upstream:short)%00%(objectname)%00%(upstream:track)%00%(upstream:remotename)%00%(upstream:remoteref) refs/heads/rama1 refs/remotes/rama1 [2ms]
2023-03-28 00:32:45.254 [info] > git status -z -uall [1ms]
2023-03-28 00:33:01.805 [info] > git config --get commit.template [17ms]
2023-03-28 00:33:01.807 [info] > git for-each-ref --format=%(refname)%00%(upstream:short)%00%(objectname)%00%(upstream:track)%00%(upstream:remotename)%00%(upstream:remoteref) refs/heads/rama1 refs/remotes/rama1 [3ms]
2023-03-28 00:33:01.824 [info] > git status -z -uall [4ms]
2023-03-28 00:33:13.008 [info] > git config --get commit.template [9ms]
2023-03-28 00:33:13.009 [info] > git for-each-ref --format=%(refname)%00%(upstream:short)%00%(objectname)%00%(upstream:track)%00%(upstream:remotename)%00%(upstream:remoteref) refs/heads/rama1 refs/remotes/rama1 [1ms]
2023-03-28 00:33:13.018 [info] > git status -z -uall [2ms]
2023-03-28 00:33:35.638 [info] > git config --get commit.template [10ms]
2023-03-28 00:33:35.639 [info] > git for-each-ref --format=%(refname)%00%(upstream:short)%00%(objectname)%00%(upstream:track)%00%(upstream:remotename)%00%(upstream:remoteref) refs/heads/rama1 refs/remotes/rama1 [2ms]
2023-03-28 00:33:35.647 [info] > git status -z -uall [2ms]
2023-03-28 00:35:44.153 [info] > git config --get commit.template [15ms]
2023-03-28 00:35:44.153 [info] > git for-each-ref --format=%(refname)%00%(upstream:short)%00%(objectname)%00%(upstream:track)%00%(upstream:remotename)%00%(upstream:remoteref) refs/heads/rama1 refs/remotes/rama1 [2ms]
2023-03-28 00:35:44.164 [info] > git status -z -uall [2ms]
