2023-03-27 15:25:21.813 [info] Log level: Info
2023-03-27 15:25:21.813 [info] Validating found git in: "git"
2023-03-27 15:25:21.813 [info] Using git "2.34.1" from "git"
2023-03-27 15:25:21.813 [info] > git rev-parse --show-toplevel [81ms]
2023-03-27 15:25:21.814 [info] > git rev-parse --git-dir --git-common-dir [4ms]
2023-03-27 15:25:21.854 [info] Open repository: /home/rocio/code/01-Estructura-de-datos-WS
2023-03-27 15:25:21.898 [info] > git rev-parse --show-toplevel [22ms]
2023-03-27 15:25:22.023 [info] > git rev-parse --show-toplevel [110ms]
2023-03-27 15:25:22.064 [info] > git config --get commit.template [167ms]
2023-03-27 15:25:22.162 [info] > git rev-parse --show-toplevel [99ms]
2023-03-27 15:25:22.203 [info] > git rev-parse --show-toplevel [33ms]
2023-03-27 15:25:22.215 [info] > git rev-parse --show-toplevel [2ms]
2023-03-27 15:25:22.230 [info] > git rev-parse --show-toplevel [4ms]
2023-03-27 15:25:22.231 [info] > git for-each-ref --format=%(refname)%00%(upstream:short)%00%(objectname)%00%(upstream:track)%00%(upstream:remotename)%00%(upstream:remoteref) refs/heads/main refs/remotes/main [29ms]
2023-03-27 15:25:22.265 [info] > git status -z -uall [3ms]
2023-03-27 15:25:22.284 [info] > git config --get commit.template [0ms]
2023-03-27 15:25:22.326 [info] > git for-each-ref --format=%(refname)%00%(upstream:short)%00%(objectname)%00%(upstream:track)%00%(upstream:remotename)%00%(upstream:remoteref) refs/heads/main refs/remotes/main [8ms]
2023-03-27 15:25:22.350 [info] > git status -z -uall [17ms]
2023-03-27 15:25:22.525 [info] > git check-ignore -v -z --stdin [1ms]
2023-03-27 15:25:22.734 [info] > git show --textconv :03_bst/bst.js [13ms]
2023-03-27 15:25:22.738 [info] > git ls-files --stage -- /home/rocio/code/01-Estructura-de-datos-WS/03_bst/bst.js [5ms]
2023-03-27 15:25:22.747 [info] > git cat-file -s a222f1f4ce032520a0324eb447b81c90c4936305 [3ms]
